<?xml version="1.0" encoding="utf-8"?>
<TestRun id="b41bc815-2982-41c7-a990-1a2d7a147e00" name="radug@PC 2025-04-03 11:58:19" runUser="PC\radug" xmlns="http://microsoft.com/schemas/VisualStudio/TeamTest/2010">
  <Times creation="2025-04-03T11:58:19.5025238+03:00" queuing="2025-04-03T11:58:19.5025242+03:00" start="2025-04-03T11:58:17.0349715+03:00" finish="2025-04-03T11:58:20.0158040+03:00" />
  <TestSettings name="default" id="98661307-3772-402d-8de7-e9db2f78f114">
    <Deployment runDeploymentRoot="radug_PC_2025-04-03_11_58_19" />
  </TestSettings>
  <Results>
    <UnitTestResult executionId="59fe9839-83ea-4721-b5b5-3ac940ef2132" testId="53fcba13-8bb6-3db6-395d-29a216e9f866" testName="TestStoreValue_DateTime_Success" computerName="PC" duration="00:00:00.0100000" startTime="2025-04-03T11:58:19.5525158+03:00" endTime="2025-04-03T11:58:19.5525190+03:00" testType="13cdc9d9-ddb5-4fa4-a97d-d965ccfc6d4b" outcome="Passed" testListId="8c84fa94-04c1-424b-9868-57a2d4851a1d" relativeResultsDirectory="59fe9839-83ea-4721-b5b5-3ac940ef2132" />
    <UnitTestResult executionId="bcc1219a-1ced-4e98-ab32-7e0c19cb5851" testId="e6e3567b-4ea9-84b3-800f-1f7f58d7af7a" testName="TestStoreValue_Double_Success" computerName="PC" duration="00:00:00.0100000" startTime="2025-04-03T11:58:19.5422517+03:00" endTime="2025-04-03T11:58:19.5422531+03:00" testType="13cdc9d9-ddb5-4fa4-a97d-d965ccfc6d4b" outcome="Passed" testListId="8c84fa94-04c1-424b-9868-57a2d4851a1d" relativeResultsDirectory="bcc1219a-1ced-4e98-ab32-7e0c19cb5851" />
    <UnitTestResult executionId="9c19e91f-e348-4979-b11e-f7c4e944a319" testId="9da81a93-3499-60fa-993c-2e5de80d45a0" testName="TestRetrieveObject_EmptyJson_ReturnsDefault" computerName="PC" duration="00:00:00.0030000" startTime="2025-04-03T11:58:19.4717305+03:00" endTime="2025-04-03T11:58:19.4717341+03:00" testType="13cdc9d9-ddb5-4fa4-a97d-d965ccfc6d4b" outcome="Passed" testListId="8c84fa94-04c1-424b-9868-57a2d4851a1d" relativeResultsDirectory="9c19e91f-e348-4979-b11e-f7c4e944a319" />
    <UnitTestResult executionId="385ba373-f7c6-4c31-9711-16ad925c94ee" testId="703010d4-6f76-e574-19ac-e6214636773d" testName="TestStoreValue_String_Success" computerName="PC" duration="00:00:00.0140000" startTime="2025-04-03T11:58:19.5060178+03:00" endTime="2025-04-03T11:58:19.5060193+03:00" testType="13cdc9d9-ddb5-4fa4-a97d-d965ccfc6d4b" outcome="Passed" testListId="8c84fa94-04c1-424b-9868-57a2d4851a1d" relativeResultsDirectory="385ba373-f7c6-4c31-9711-16ad925c94ee" />
    <UnitTestResult executionId="363d2f73-0240-45f2-8076-7607138d4a03" testId="9d9a9131-147f-3bdf-3c5a-dacdad0bd4af" testName="TestRetrieveValue_DateTime_Success" computerName="PC" duration="00:00:00.0110000" startTime="2025-04-03T11:58:19.6790412+03:00" endTime="2025-04-03T11:58:19.6790460+03:00" testType="13cdc9d9-ddb5-4fa4-a97d-d965ccfc6d4b" outcome="Passed" testListId="8c84fa94-04c1-424b-9868-57a2d4851a1d" relativeResultsDirectory="363d2f73-0240-45f2-8076-7607138d4a03" />
    <UnitTestResult executionId="a7b89908-1468-43e5-9511-a329286b0ff2" testId="9ff4496a-9de2-beba-4e4a-207bd69e1682" testName="TestHasKey_ExistingKey_ReturnsTrue" computerName="PC" duration="00:00:00.0130000" startTime="2025-04-03T11:58:19.7802788+03:00" endTime="2025-04-03T11:58:19.7802839+03:00" testType="13cdc9d9-ddb5-4fa4-a97d-d965ccfc6d4b" outcome="Passed" testListId="8c84fa94-04c1-424b-9868-57a2d4851a1d" relativeResultsDirectory="a7b89908-1468-43e5-9511-a329286b0ff2" />
    <UnitTestResult executionId="36943027-d353-4d0b-a097-fcafda839784" testId="25620554-343c-9e73-e958-3c11ea51c476" testName="TestStoreValue_Integer_Success" computerName="PC" duration="00:00:00.0070000" startTime="2025-04-03T11:58:19.5142628+03:00" endTime="2025-04-03T11:58:19.5142686+03:00" testType="13cdc9d9-ddb5-4fa4-a97d-d965ccfc6d4b" outcome="Passed" testListId="8c84fa94-04c1-424b-9868-57a2d4851a1d" relativeResultsDirectory="36943027-d353-4d0b-a097-fcafda839784" />
    <UnitTestResult executionId="6063b54c-a28e-4ffe-bf08-6496e6c580f4" testId="a13ca9fd-fb85-b45c-e1a5-faf954d8261f" testName="TestRetrieveValue_Float_Success" computerName="PC" duration="00:00:00.0210000" startTime="2025-04-03T11:58:19.6497413+03:00" endTime="2025-04-03T11:58:19.6497485+03:00" testType="13cdc9d9-ddb5-4fa4-a97d-d965ccfc6d4b" outcome="Passed" testListId="8c84fa94-04c1-424b-9868-57a2d4851a1d" relativeResultsDirectory="6063b54c-a28e-4ffe-bf08-6496e6c580f4" />
    <UnitTestResult executionId="fcb243f8-b534-41c6-be3c-167490155756" testId="b55fba28-be77-b8f9-e5bc-7ff849cca3c9" testName="TestClearValue_NonExistentKey_ReturnsTrue" computerName="PC" duration="00:00:00.0160000" startTime="2025-04-03T11:58:19.7662840+03:00" endTime="2025-04-03T11:58:19.7662913+03:00" testType="13cdc9d9-ddb5-4fa4-a97d-d965ccfc6d4b" outcome="Passed" testListId="8c84fa94-04c1-424b-9868-57a2d4851a1d" relativeResultsDirectory="fcb243f8-b534-41c6-be3c-167490155756" />
    <UnitTestResult executionId="8823c966-418b-400e-9f65-cdafb9f50311" testId="94e1d4cd-a46c-8570-defb-01337ea5bcc1" testName="TestHasKey_NonExistentKey_ReturnsFalse" computerName="PC" duration="00:00:00.0090000" startTime="2025-04-03T11:58:19.7900899+03:00" endTime="2025-04-03T11:58:19.7900942+03:00" testType="13cdc9d9-ddb5-4fa4-a97d-d965ccfc6d4b" outcome="Passed" testListId="8c84fa94-04c1-424b-9868-57a2d4851a1d" relativeResultsDirectory="8823c966-418b-400e-9f65-cdafb9f50311" />
    <UnitTestResult executionId="9adce371-ed0c-4b0c-bdff-379ce6cd0460" testId="1408b17d-44cd-7cdd-0f93-139b005d5654" testName="TestStoreObject_NullKey_Fails" computerName="PC" duration="00:00:00.0180000" startTime="2025-04-03T11:58:19.4171514+03:00" endTime="2025-04-03T11:58:19.4171560+03:00" testType="13cdc9d9-ddb5-4fa4-a97d-d965ccfc6d4b" outcome="Passed" testListId="8c84fa94-04c1-424b-9868-57a2d4851a1d" relativeResultsDirectory="9adce371-ed0c-4b0c-bdff-379ce6cd0460" />
    <UnitTestResult executionId="8f7bad48-9ebc-481c-ba2a-b7662df524a2" testId="b1662bf2-fd2f-dcc0-7c49-16aad20a27d7" testName="TestRetrieveValue_String_Success" computerName="PC" duration="00:00:00.0360000" startTime="2025-04-03T11:58:19.6035196+03:00" endTime="2025-04-03T11:58:19.6035249+03:00" testType="13cdc9d9-ddb5-4fa4-a97d-d965ccfc6d4b" outcome="Passed" testListId="8c84fa94-04c1-424b-9868-57a2d4851a1d" relativeResultsDirectory="8f7bad48-9ebc-481c-ba2a-b7662df524a2" />
    <UnitTestResult executionId="145f6af5-864b-4cc6-9049-6e6b7e900c3e" testId="767328c8-7b0b-2c9b-e71e-119743f122d6" testName="TestRetrieveValue_InvalidFormat_ReturnsDefault" computerName="PC" duration="00:00:00.0110000" startTime="2025-04-03T11:58:19.7193458+03:00" endTime="2025-04-03T11:58:19.7193514+03:00" testType="13cdc9d9-ddb5-4fa4-a97d-d965ccfc6d4b" outcome="Passed" testListId="8c84fa94-04c1-424b-9868-57a2d4851a1d" relativeResultsDirectory="145f6af5-864b-4cc6-9049-6e6b7e900c3e" />
    <UnitTestResult executionId="e5a3bbf7-e588-4165-be74-459d8cc73437" testId="de9c6b75-7f81-d4b1-0f65-36a9a12eb1ab" testName="TestRetrieveObject_Success" computerName="PC" duration="00:00:00.0110000" startTime="2025-04-03T11:58:19.4459962+03:00" endTime="2025-04-03T11:58:19.4460008+03:00" testType="13cdc9d9-ddb5-4fa4-a97d-d965ccfc6d4b" outcome="Passed" testListId="8c84fa94-04c1-424b-9868-57a2d4851a1d" relativeResultsDirectory="e5a3bbf7-e588-4165-be74-459d8cc73437" />
    <UnitTestResult executionId="b8143bba-e4ee-4fb7-aea0-2fa5e8dc32c3" testId="0a771bbc-848e-c14c-2795-133759d3b56d" testName="TestRetrieveObject_InvalidJson_ReturnsDefault" computerName="PC" duration="00:00:00.0110000" startTime="2025-04-03T11:58:19.4836966+03:00" endTime="2025-04-03T11:58:19.4836982+03:00" testType="13cdc9d9-ddb5-4fa4-a97d-d965ccfc6d4b" outcome="Passed" testListId="8c84fa94-04c1-424b-9868-57a2d4851a1d" relativeResultsDirectory="b8143bba-e4ee-4fb7-aea0-2fa5e8dc32c3" />
    <UnitTestResult executionId="9646f6d5-5470-48d6-b1b0-4ef2f5b6c8c8" testId="cab51616-cf6c-1a70-ff7e-0ae1e5a3be2e" testName="TestStoreValue_Boolean_Success" computerName="PC" duration="00:00:00.0090000" startTime="2025-04-03T11:58:19.5240358+03:00" endTime="2025-04-03T11:58:19.5240377+03:00" testType="13cdc9d9-ddb5-4fa4-a97d-d965ccfc6d4b" outcome="Passed" testListId="8c84fa94-04c1-424b-9868-57a2d4851a1d" relativeResultsDirectory="9646f6d5-5470-48d6-b1b0-4ef2f5b6c8c8" />
    <UnitTestResult executionId="f6ed96da-808f-4ee6-bef0-bff15a55c849" testId="cad80f10-1148-a7e9-f872-ce25d1cc572c" testName="TestStoreObject_GenericObject_Success" computerName="PC" duration="00:00:00.0240000" startTime="2025-04-03T11:58:19.3990368+03:00" endTime="2025-04-03T11:58:19.3996621+03:00" testType="13cdc9d9-ddb5-4fa4-a97d-d965ccfc6d4b" outcome="Passed" testListId="8c84fa94-04c1-424b-9868-57a2d4851a1d" relativeResultsDirectory="f6ed96da-808f-4ee6-bef0-bff15a55c849" />
    <UnitTestResult executionId="9ca92f27-f070-4a7f-bce9-56e2405cdd22" testId="a7735502-29bf-8bf1-bc41-7a70abb503c1" testName="TestRetrieveValue_Boolean_Success" computerName="PC" duration="00:00:00.0100000" startTime="2025-04-03T11:58:19.6280816+03:00" endTime="2025-04-03T11:58:19.6280863+03:00" testType="13cdc9d9-ddb5-4fa4-a97d-d965ccfc6d4b" outcome="Passed" testListId="8c84fa94-04c1-424b-9868-57a2d4851a1d" relativeResultsDirectory="9ca92f27-f070-4a7f-bce9-56e2405cdd22" />
    <UnitTestResult executionId="183312f5-3ebf-4f2d-b082-29d5c2a59535" testId="5e9c7ffa-aba6-c4a1-be46-e877e551fd8d" testName="TestRetrieveValue_Integer_Success" computerName="PC" duration="00:00:00.0140000" startTime="2025-04-03T11:58:19.6177879+03:00" endTime="2025-04-03T11:58:19.6177925+03:00" testType="13cdc9d9-ddb5-4fa4-a97d-d965ccfc6d4b" outcome="Passed" testListId="8c84fa94-04c1-424b-9868-57a2d4851a1d" relativeResultsDirectory="183312f5-3ebf-4f2d-b082-29d5c2a59535" />
    <UnitTestResult executionId="c14640b7-73ea-43f1-96c1-d52616afbdae" testId="622b5d4a-6169-9179-a1ed-d76bd2fc0dac" testName="TestRetrieveValue_EmptyContent_ReturnsDefault" computerName="PC" duration="00:00:00.0170000" startTime="2025-04-03T11:58:19.7078446+03:00" endTime="2025-04-03T11:58:19.7078464+03:00" testType="13cdc9d9-ddb5-4fa4-a97d-d965ccfc6d4b" outcome="Passed" testListId="8c84fa94-04c1-424b-9868-57a2d4851a1d" relativeResultsDirectory="c14640b7-73ea-43f1-96c1-d52616afbdae" />
    <UnitTestResult executionId="67a5b6a6-d44f-40f4-9e46-8d7c7bee61f3" testId="08365228-a10d-5a13-77c8-0368348773fc" testName="TestStoreObject_EmptyKey_Fails" computerName="PC" duration="00:00:00.0070000" startTime="2025-04-03T11:58:19.4246582+03:00" endTime="2025-04-03T11:58:19.4246635+03:00" testType="13cdc9d9-ddb5-4fa4-a97d-d965ccfc6d4b" outcome="Passed" testListId="8c84fa94-04c1-424b-9868-57a2d4851a1d" relativeResultsDirectory="67a5b6a6-d44f-40f4-9e46-8d7c7bee61f3" />
    <UnitTestResult executionId="31ba9a9c-e298-45fd-9129-0429b205bbdd" testId="132bb2ac-df9d-c459-b417-48a91e50a744" testName="TestStoreValue_Float_Success" computerName="PC" duration="00:00:00.0070000" startTime="2025-04-03T11:58:19.5319966+03:00" endTime="2025-04-03T11:58:19.5319982+03:00" testType="13cdc9d9-ddb5-4fa4-a97d-d965ccfc6d4b" outcome="Passed" testListId="8c84fa94-04c1-424b-9868-57a2d4851a1d" relativeResultsDirectory="31ba9a9c-e298-45fd-9129-0429b205bbdd" />
    <UnitTestResult executionId="058469f0-225a-4a74-bfc1-78c3fca042cd" testId="c76ec88b-2069-4f42-ebdd-99932f277499" testName="TestStoreValue_NullValue_CallsClearValue" computerName="PC" duration="00:00:00.0130000" startTime="2025-04-03T11:58:19.5664509+03:00" endTime="2025-04-03T11:58:19.5664528+03:00" testType="13cdc9d9-ddb5-4fa4-a97d-d965ccfc6d4b" outcome="Passed" testListId="8c84fa94-04c1-424b-9868-57a2d4851a1d" relativeResultsDirectory="058469f0-225a-4a74-bfc1-78c3fca042cd" />
    <UnitTestResult executionId="79e9ce7c-4572-4e79-808f-ec47b414d318" testId="e20d0f11-16fb-fbf9-1085-b767480808bd" testName="TestRetrieveObject_NonExistentKey_ReturnsDefault" computerName="PC" duration="00:00:00.0080000" startTime="2025-04-03T11:58:19.4677035+03:00" endTime="2025-04-03T11:58:19.4677085+03:00" testType="13cdc9d9-ddb5-4fa4-a97d-d965ccfc6d4b" outcome="Passed" testListId="8c84fa94-04c1-424b-9868-57a2d4851a1d" relativeResultsDirectory="79e9ce7c-4572-4e79-808f-ec47b414d318" />
    <UnitTestResult executionId="6c1e77e0-30d8-45db-bdcd-4ac8015d467b" testId="9137e876-60ce-9743-b162-68260de3e5c1" testName="TestRetrieveValue_TypeMismatch_ReturnsDefault" computerName="PC" duration="00:00:00.0080000" startTime="2025-04-03T11:58:19.7283474+03:00" endTime="2025-04-03T11:58:19.7283524+03:00" testType="13cdc9d9-ddb5-4fa4-a97d-d965ccfc6d4b" outcome="Passed" testListId="8c84fa94-04c1-424b-9868-57a2d4851a1d" relativeResultsDirectory="6c1e77e0-30d8-45db-bdcd-4ac8015d467b" />
    <UnitTestResult executionId="4b011361-d33b-417b-a6c1-a0097274e1ab" testId="8fcc4fa9-3290-ad18-da96-e44dea776a4f" testName="TestClearValue_ExistingKey_Success" computerName="PC" duration="00:00:00.0210000" startTime="2025-04-03T11:58:19.7496089+03:00" endTime="2025-04-03T11:58:19.7496122+03:00" testType="13cdc9d9-ddb5-4fa4-a97d-d965ccfc6d4b" outcome="Passed" testListId="8c84fa94-04c1-424b-9868-57a2d4851a1d" relativeResultsDirectory="4b011361-d33b-417b-a6c1-a0097274e1ab" />
    <UnitTestResult executionId="434788e3-bec0-48f6-add6-186ead4ca189" testId="5b05749c-2e12-2ae6-0a43-abcd87407d0b" testName="TestStoreObject_NullObject_Fails" computerName="PC" duration="00:00:00.0090000" startTime="2025-04-03T11:58:19.4341157+03:00" endTime="2025-04-03T11:58:19.4341195+03:00" testType="13cdc9d9-ddb5-4fa4-a97d-d965ccfc6d4b" outcome="Passed" testListId="8c84fa94-04c1-424b-9868-57a2d4851a1d" relativeResultsDirectory="434788e3-bec0-48f6-add6-186ead4ca189" />
    <UnitTestResult executionId="26cab72c-3005-43cb-bea5-1db8f59edb8f" testId="083ab0d1-ab4c-e0c8-6964-d0f11a6251d3" testName="TestRetrieveObject_ComplexObject" computerName="PC" duration="00:00:00.0130000" startTime="2025-04-03T11:58:19.4593731+03:00" endTime="2025-04-03T11:58:19.4593776+03:00" testType="13cdc9d9-ddb5-4fa4-a97d-d965ccfc6d4b" outcome="Passed" testListId="8c84fa94-04c1-424b-9868-57a2d4851a1d" relativeResultsDirectory="26cab72c-3005-43cb-bea5-1db8f59edb8f" />
    <UnitTestResult executionId="11dc8e45-c27f-4a74-9b4e-b844b67ad5af" testId="364511c1-072c-6cac-6ed9-57b60af2be5e" testName="TestRetrieveValue_NonExistentKey_ReturnsDefault" computerName="PC" duration="00:00:00.0110000" startTime="2025-04-03T11:58:19.6906196+03:00" endTime="2025-04-03T11:58:19.6906247+03:00" testType="13cdc9d9-ddb5-4fa4-a97d-d965ccfc6d4b" outcome="Passed" testListId="8c84fa94-04c1-424b-9868-57a2d4851a1d" relativeResultsDirectory="11dc8e45-c27f-4a74-9b4e-b844b67ad5af" />
    <UnitTestResult executionId="506b4063-d134-499b-a2b7-23c512df2c7e" testId="416c781e-2bf0-0cee-cf15-0be00b7adc79" testName="TestRetrieveObject_PrimitiveType" computerName="PC" duration="00:00:00.0070000" startTime="2025-04-03T11:58:19.4913153+03:00" endTime="2025-04-03T11:58:19.4913169+03:00" testType="13cdc9d9-ddb5-4fa4-a97d-d965ccfc6d4b" outcome="Passed" testListId="8c84fa94-04c1-424b-9868-57a2d4851a1d" relativeResultsDirectory="506b4063-d134-499b-a2b7-23c512df2c7e" />
    <UnitTestResult executionId="0eac121a-b083-4d7f-ac4a-7f93f725507e" testId="1e2a9bf8-70a2-2e1a-33b0-559ff36d2f41" testName="TestRetrieveValue_Double_Success" computerName="PC" duration="00:00:00.0160000" startTime="2025-04-03T11:58:19.6668492+03:00" endTime="2025-04-03T11:58:19.6668548+03:00" testType="13cdc9d9-ddb5-4fa4-a97d-d965ccfc6d4b" outcome="Passed" testListId="8c84fa94-04c1-424b-9868-57a2d4851a1d" relativeResultsDirectory="0eac121a-b083-4d7f-ac4a-7f93f725507e" />
  </Results>
  <TestDefinitions>
    <UnitTest name="TestRetrieveValue_NonExistentKey_ReturnsDefault" storage="c:\users\radug\documents\github\project-terminal\.godot\mono\temp\bin\debug\projectterminal.dll" id="364511c1-072c-6cac-6ed9-57b60af2be5e">
      <Execution id="11dc8e45-c27f-4a74-9b4e-b844b67ad5af" />
      <TestMethod codeBase="C:\Users\radug\Documents\GitHub\Project-Terminal\.godot\mono\temp\bin\Debug\ProjectTerminal.dll" adapterTypeName="executor://gdunit4.testadapter/" className="ProjectTerminal.Tests.SecureStorageWrapperTest" name="TestRetrieveValue_NonExistentKey_ReturnsDefault" />
    </UnitTest>
    <UnitTest name="TestRetrieveObject_InvalidJson_ReturnsDefault" storage="c:\users\radug\documents\github\project-terminal\.godot\mono\temp\bin\debug\projectterminal.dll" id="0a771bbc-848e-c14c-2795-133759d3b56d">
      <Execution id="b8143bba-e4ee-4fb7-aea0-2fa5e8dc32c3" />
      <TestMethod codeBase="C:\Users\radug\Documents\GitHub\Project-Terminal\.godot\mono\temp\bin\Debug\ProjectTerminal.dll" adapterTypeName="executor://gdunit4.testadapter/" className="ProjectTerminal.Tests.SecureStorageWrapperTest" name="TestRetrieveObject_InvalidJson_ReturnsDefault" />
    </UnitTest>
    <UnitTest name="TestRetrieveValue_Float_Success" storage="c:\users\radug\documents\github\project-terminal\.godot\mono\temp\bin\debug\projectterminal.dll" id="a13ca9fd-fb85-b45c-e1a5-faf954d8261f">
      <Execution id="6063b54c-a28e-4ffe-bf08-6496e6c580f4" />
      <TestMethod codeBase="C:\Users\radug\Documents\GitHub\Project-Terminal\.godot\mono\temp\bin\Debug\ProjectTerminal.dll" adapterTypeName="executor://gdunit4.testadapter/" className="ProjectTerminal.Tests.SecureStorageWrapperTest" name="TestRetrieveValue_Float_Success" />
    </UnitTest>
    <UnitTest name="TestHasKey_ExistingKey_ReturnsTrue" storage="c:\users\radug\documents\github\project-terminal\.godot\mono\temp\bin\debug\projectterminal.dll" id="9ff4496a-9de2-beba-4e4a-207bd69e1682">
      <Execution id="a7b89908-1468-43e5-9511-a329286b0ff2" />
      <TestMethod codeBase="C:\Users\radug\Documents\GitHub\Project-Terminal\.godot\mono\temp\bin\Debug\ProjectTerminal.dll" adapterTypeName="executor://gdunit4.testadapter/" className="ProjectTerminal.Tests.SecureStorageWrapperTest" name="TestHasKey_ExistingKey_ReturnsTrue" />
    </UnitTest>
    <UnitTest name="TestRetrieveObject_EmptyJson_ReturnsDefault" storage="c:\users\radug\documents\github\project-terminal\.godot\mono\temp\bin\debug\projectterminal.dll" id="9da81a93-3499-60fa-993c-2e5de80d45a0">
      <Execution id="9c19e91f-e348-4979-b11e-f7c4e944a319" />
      <TestMethod codeBase="C:\Users\radug\Documents\GitHub\Project-Terminal\.godot\mono\temp\bin\Debug\ProjectTerminal.dll" adapterTypeName="executor://gdunit4.testadapter/" className="ProjectTerminal.Tests.SecureStorageWrapperTest" name="TestRetrieveObject_EmptyJson_ReturnsDefault" />
    </UnitTest>
    <UnitTest name="TestRetrieveValue_DateTime_Success" storage="c:\users\radug\documents\github\project-terminal\.godot\mono\temp\bin\debug\projectterminal.dll" id="9d9a9131-147f-3bdf-3c5a-dacdad0bd4af">
      <Execution id="363d2f73-0240-45f2-8076-7607138d4a03" />
      <TestMethod codeBase="C:\Users\radug\Documents\GitHub\Project-Terminal\.godot\mono\temp\bin\Debug\ProjectTerminal.dll" adapterTypeName="executor://gdunit4.testadapter/" className="ProjectTerminal.Tests.SecureStorageWrapperTest" name="TestRetrieveValue_DateTime_Success" />
    </UnitTest>
    <UnitTest name="TestStoreObject_NullKey_Fails" storage="c:\users\radug\documents\github\project-terminal\.godot\mono\temp\bin\debug\projectterminal.dll" id="1408b17d-44cd-7cdd-0f93-139b005d5654">
      <Execution id="9adce371-ed0c-4b0c-bdff-379ce6cd0460" />
      <TestMethod codeBase="C:\Users\radug\Documents\GitHub\Project-Terminal\.godot\mono\temp\bin\Debug\ProjectTerminal.dll" adapterTypeName="executor://gdunit4.testadapter/" className="ProjectTerminal.Tests.SecureStorageWrapperTest" name="TestStoreObject_NullKey_Fails" />
    </UnitTest>
    <UnitTest name="TestRetrieveObject_PrimitiveType" storage="c:\users\radug\documents\github\project-terminal\.godot\mono\temp\bin\debug\projectterminal.dll" id="416c781e-2bf0-0cee-cf15-0be00b7adc79">
      <Execution id="506b4063-d134-499b-a2b7-23c512df2c7e" />
      <TestMethod codeBase="C:\Users\radug\Documents\GitHub\Project-Terminal\.godot\mono\temp\bin\Debug\ProjectTerminal.dll" adapterTypeName="executor://gdunit4.testadapter/" className="ProjectTerminal.Tests.SecureStorageWrapperTest" name="TestRetrieveObject_PrimitiveType" />
    </UnitTest>
    <UnitTest name="TestStoreValue_String_Success" storage="c:\users\radug\documents\github\project-terminal\.godot\mono\temp\bin\debug\projectterminal.dll" id="703010d4-6f76-e574-19ac-e6214636773d">
      <Execution id="385ba373-f7c6-4c31-9711-16ad925c94ee" />
      <TestMethod codeBase="C:\Users\radug\Documents\GitHub\Project-Terminal\.godot\mono\temp\bin\Debug\ProjectTerminal.dll" adapterTypeName="executor://gdunit4.testadapter/" className="ProjectTerminal.Tests.SecureStorageWrapperTest" name="TestStoreValue_String_Success" />
    </UnitTest>
    <UnitTest name="TestStoreObject_NullObject_Fails" storage="c:\users\radug\documents\github\project-terminal\.godot\mono\temp\bin\debug\projectterminal.dll" id="5b05749c-2e12-2ae6-0a43-abcd87407d0b">
      <Execution id="434788e3-bec0-48f6-add6-186ead4ca189" />
      <TestMethod codeBase="C:\Users\radug\Documents\GitHub\Project-Terminal\.godot\mono\temp\bin\Debug\ProjectTerminal.dll" adapterTypeName="executor://gdunit4.testadapter/" className="ProjectTerminal.Tests.SecureStorageWrapperTest" name="TestStoreObject_NullObject_Fails" />
    </UnitTest>
    <UnitTest name="TestHasKey_NonExistentKey_ReturnsFalse" storage="c:\users\radug\documents\github\project-terminal\.godot\mono\temp\bin\debug\projectterminal.dll" id="94e1d4cd-a46c-8570-defb-01337ea5bcc1">
      <Execution id="8823c966-418b-400e-9f65-cdafb9f50311" />
      <TestMethod codeBase="C:\Users\radug\Documents\GitHub\Project-Terminal\.godot\mono\temp\bin\Debug\ProjectTerminal.dll" adapterTypeName="executor://gdunit4.testadapter/" className="ProjectTerminal.Tests.SecureStorageWrapperTest" name="TestHasKey_NonExistentKey_ReturnsFalse" />
    </UnitTest>
    <UnitTest name="TestRetrieveValue_Double_Success" storage="c:\users\radug\documents\github\project-terminal\.godot\mono\temp\bin\debug\projectterminal.dll" id="1e2a9bf8-70a2-2e1a-33b0-559ff36d2f41">
      <Execution id="0eac121a-b083-4d7f-ac4a-7f93f725507e" />
      <TestMethod codeBase="C:\Users\radug\Documents\GitHub\Project-Terminal\.godot\mono\temp\bin\Debug\ProjectTerminal.dll" adapterTypeName="executor://gdunit4.testadapter/" className="ProjectTerminal.Tests.SecureStorageWrapperTest" name="TestRetrieveValue_Double_Success" />
    </UnitTest>
    <UnitTest name="TestStoreObject_EmptyKey_Fails" storage="c:\users\radug\documents\github\project-terminal\.godot\mono\temp\bin\debug\projectterminal.dll" id="08365228-a10d-5a13-77c8-0368348773fc">
      <Execution id="67a5b6a6-d44f-40f4-9e46-8d7c7bee61f3" />
      <TestMethod codeBase="C:\Users\radug\Documents\GitHub\Project-Terminal\.godot\mono\temp\bin\Debug\ProjectTerminal.dll" adapterTypeName="executor://gdunit4.testadapter/" className="ProjectTerminal.Tests.SecureStorageWrapperTest" name="TestStoreObject_EmptyKey_Fails" />
    </UnitTest>
    <UnitTest name="TestStoreObject_GenericObject_Success" storage="c:\users\radug\documents\github\project-terminal\.godot\mono\temp\bin\debug\projectterminal.dll" id="cad80f10-1148-a7e9-f872-ce25d1cc572c">
      <Execution id="f6ed96da-808f-4ee6-bef0-bff15a55c849" />
      <TestMethod codeBase="C:\Users\radug\Documents\GitHub\Project-Terminal\.godot\mono\temp\bin\Debug\ProjectTerminal.dll" adapterTypeName="executor://gdunit4.testadapter/" className="ProjectTerminal.Tests.SecureStorageWrapperTest" name="TestStoreObject_GenericObject_Success" />
    </UnitTest>
    <UnitTest name="TestRetrieveValue_Boolean_Success" storage="c:\users\radug\documents\github\project-terminal\.godot\mono\temp\bin\debug\projectterminal.dll" id="a7735502-29bf-8bf1-bc41-7a70abb503c1">
      <Execution id="9ca92f27-f070-4a7f-bce9-56e2405cdd22" />
      <TestMethod codeBase="C:\Users\radug\Documents\GitHub\Project-Terminal\.godot\mono\temp\bin\Debug\ProjectTerminal.dll" adapterTypeName="executor://gdunit4.testadapter/" className="ProjectTerminal.Tests.SecureStorageWrapperTest" name="TestRetrieveValue_Boolean_Success" />
    </UnitTest>
    <UnitTest name="TestStoreValue_NullValue_CallsClearValue" storage="c:\users\radug\documents\github\project-terminal\.godot\mono\temp\bin\debug\projectterminal.dll" id="c76ec88b-2069-4f42-ebdd-99932f277499">
      <Execution id="058469f0-225a-4a74-bfc1-78c3fca042cd" />
      <TestMethod codeBase="C:\Users\radug\Documents\GitHub\Project-Terminal\.godot\mono\temp\bin\Debug\ProjectTerminal.dll" adapterTypeName="executor://gdunit4.testadapter/" className="ProjectTerminal.Tests.SecureStorageWrapperTest" name="TestStoreValue_NullValue_CallsClearValue" />
    </UnitTest>
    <UnitTest name="TestRetrieveObject_NonExistentKey_ReturnsDefault" storage="c:\users\radug\documents\github\project-terminal\.godot\mono\temp\bin\debug\projectterminal.dll" id="e20d0f11-16fb-fbf9-1085-b767480808bd">
      <Execution id="79e9ce7c-4572-4e79-808f-ec47b414d318" />
      <TestMethod codeBase="C:\Users\radug\Documents\GitHub\Project-Terminal\.godot\mono\temp\bin\Debug\ProjectTerminal.dll" adapterTypeName="executor://gdunit4.testadapter/" className="ProjectTerminal.Tests.SecureStorageWrapperTest" name="TestRetrieveObject_NonExistentKey_ReturnsDefault" />
    </UnitTest>
    <UnitTest name="TestStoreValue_DateTime_Success" storage="c:\users\radug\documents\github\project-terminal\.godot\mono\temp\bin\debug\projectterminal.dll" id="53fcba13-8bb6-3db6-395d-29a216e9f866">
      <Execution id="59fe9839-83ea-4721-b5b5-3ac940ef2132" />
      <TestMethod codeBase="C:\Users\radug\Documents\GitHub\Project-Terminal\.godot\mono\temp\bin\Debug\ProjectTerminal.dll" adapterTypeName="executor://gdunit4.testadapter/" className="ProjectTerminal.Tests.SecureStorageWrapperTest" name="TestStoreValue_DateTime_Success" />
    </UnitTest>
    <UnitTest name="TestRetrieveObject_ComplexObject" storage="c:\users\radug\documents\github\project-terminal\.godot\mono\temp\bin\debug\projectterminal.dll" id="083ab0d1-ab4c-e0c8-6964-d0f11a6251d3">
      <Execution id="26cab72c-3005-43cb-bea5-1db8f59edb8f" />
      <TestMethod codeBase="C:\Users\radug\Documents\GitHub\Project-Terminal\.godot\mono\temp\bin\Debug\ProjectTerminal.dll" adapterTypeName="executor://gdunit4.testadapter/" className="ProjectTerminal.Tests.SecureStorageWrapperTest" name="TestRetrieveObject_ComplexObject" />
    </UnitTest>
    <UnitTest name="TestStoreValue_Double_Success" storage="c:\users\radug\documents\github\project-terminal\.godot\mono\temp\bin\debug\projectterminal.dll" id="e6e3567b-4ea9-84b3-800f-1f7f58d7af7a">
      <Execution id="bcc1219a-1ced-4e98-ab32-7e0c19cb5851" />
      <TestMethod codeBase="C:\Users\radug\Documents\GitHub\Project-Terminal\.godot\mono\temp\bin\Debug\ProjectTerminal.dll" adapterTypeName="executor://gdunit4.testadapter/" className="ProjectTerminal.Tests.SecureStorageWrapperTest" name="TestStoreValue_Double_Success" />
    </UnitTest>
    <UnitTest name="TestRetrieveValue_TypeMismatch_ReturnsDefault" storage="c:\users\radug\documents\github\project-terminal\.godot\mono\temp\bin\debug\projectterminal.dll" id="9137e876-60ce-9743-b162-68260de3e5c1">
      <Execution id="6c1e77e0-30d8-45db-bdcd-4ac8015d467b" />
      <TestMethod codeBase="C:\Users\radug\Documents\GitHub\Project-Terminal\.godot\mono\temp\bin\Debug\ProjectTerminal.dll" adapterTypeName="executor://gdunit4.testadapter/" className="ProjectTerminal.Tests.SecureStorageWrapperTest" name="TestRetrieveValue_TypeMismatch_ReturnsDefault" />
    </UnitTest>
    <UnitTest name="TestRetrieveValue_EmptyContent_ReturnsDefault" storage="c:\users\radug\documents\github\project-terminal\.godot\mono\temp\bin\debug\projectterminal.dll" id="622b5d4a-6169-9179-a1ed-d76bd2fc0dac">
      <Execution id="c14640b7-73ea-43f1-96c1-d52616afbdae" />
      <TestMethod codeBase="C:\Users\radug\Documents\GitHub\Project-Terminal\.godot\mono\temp\bin\Debug\ProjectTerminal.dll" adapterTypeName="executor://gdunit4.testadapter/" className="ProjectTerminal.Tests.SecureStorageWrapperTest" name="TestRetrieveValue_EmptyContent_ReturnsDefault" />
    </UnitTest>
    <UnitTest name="TestStoreValue_Float_Success" storage="c:\users\radug\documents\github\project-terminal\.godot\mono\temp\bin\debug\projectterminal.dll" id="132bb2ac-df9d-c459-b417-48a91e50a744">
      <Execution id="31ba9a9c-e298-45fd-9129-0429b205bbdd" />
      <TestMethod codeBase="C:\Users\radug\Documents\GitHub\Project-Terminal\.godot\mono\temp\bin\Debug\ProjectTerminal.dll" adapterTypeName="executor://gdunit4.testadapter/" className="ProjectTerminal.Tests.SecureStorageWrapperTest" name="TestStoreValue_Float_Success" />
    </UnitTest>
    <UnitTest name="TestStoreValue_Boolean_Success" storage="c:\users\radug\documents\github\project-terminal\.godot\mono\temp\bin\debug\projectterminal.dll" id="cab51616-cf6c-1a70-ff7e-0ae1e5a3be2e">
      <Execution id="9646f6d5-5470-48d6-b1b0-4ef2f5b6c8c8" />
      <TestMethod codeBase="C:\Users\radug\Documents\GitHub\Project-Terminal\.godot\mono\temp\bin\Debug\ProjectTerminal.dll" adapterTypeName="executor://gdunit4.testadapter/" className="ProjectTerminal.Tests.SecureStorageWrapperTest" name="TestStoreValue_Boolean_Success" />
    </UnitTest>
    <UnitTest name="TestClearValue_ExistingKey_Success" storage="c:\users\radug\documents\github\project-terminal\.godot\mono\temp\bin\debug\projectterminal.dll" id="8fcc4fa9-3290-ad18-da96-e44dea776a4f">
      <Execution id="4b011361-d33b-417b-a6c1-a0097274e1ab" />
      <TestMethod codeBase="C:\Users\radug\Documents\GitHub\Project-Terminal\.godot\mono\temp\bin\Debug\ProjectTerminal.dll" adapterTypeName="executor://gdunit4.testadapter/" className="ProjectTerminal.Tests.SecureStorageWrapperTest" name="TestClearValue_ExistingKey_Success" />
    </UnitTest>
    <UnitTest name="TestRetrieveValue_Integer_Success" storage="c:\users\radug\documents\github\project-terminal\.godot\mono\temp\bin\debug\projectterminal.dll" id="5e9c7ffa-aba6-c4a1-be46-e877e551fd8d">
      <Execution id="183312f5-3ebf-4f2d-b082-29d5c2a59535" />
      <TestMethod codeBase="C:\Users\radug\Documents\GitHub\Project-Terminal\.godot\mono\temp\bin\Debug\ProjectTerminal.dll" adapterTypeName="executor://gdunit4.testadapter/" className="ProjectTerminal.Tests.SecureStorageWrapperTest" name="TestRetrieveValue_Integer_Success" />
    </UnitTest>
    <UnitTest name="TestRetrieveObject_Success" storage="c:\users\radug\documents\github\project-terminal\.godot\mono\temp\bin\debug\projectterminal.dll" id="de9c6b75-7f81-d4b1-0f65-36a9a12eb1ab">
      <Execution id="e5a3bbf7-e588-4165-be74-459d8cc73437" />
      <TestMethod codeBase="C:\Users\radug\Documents\GitHub\Project-Terminal\.godot\mono\temp\bin\Debug\ProjectTerminal.dll" adapterTypeName="executor://gdunit4.testadapter/" className="ProjectTerminal.Tests.SecureStorageWrapperTest" name="TestRetrieveObject_Success" />
    </UnitTest>
    <UnitTest name="TestRetrieveValue_InvalidFormat_ReturnsDefault" storage="c:\users\radug\documents\github\project-terminal\.godot\mono\temp\bin\debug\projectterminal.dll" id="767328c8-7b0b-2c9b-e71e-119743f122d6">
      <Execution id="145f6af5-864b-4cc6-9049-6e6b7e900c3e" />
      <TestMethod codeBase="C:\Users\radug\Documents\GitHub\Project-Terminal\.godot\mono\temp\bin\Debug\ProjectTerminal.dll" adapterTypeName="executor://gdunit4.testadapter/" className="ProjectTerminal.Tests.SecureStorageWrapperTest" name="TestRetrieveValue_InvalidFormat_ReturnsDefault" />
    </UnitTest>
    <UnitTest name="TestRetrieveValue_String_Success" storage="c:\users\radug\documents\github\project-terminal\.godot\mono\temp\bin\debug\projectterminal.dll" id="b1662bf2-fd2f-dcc0-7c49-16aad20a27d7">
      <Execution id="8f7bad48-9ebc-481c-ba2a-b7662df524a2" />
      <TestMethod codeBase="C:\Users\radug\Documents\GitHub\Project-Terminal\.godot\mono\temp\bin\Debug\ProjectTerminal.dll" adapterTypeName="executor://gdunit4.testadapter/" className="ProjectTerminal.Tests.SecureStorageWrapperTest" name="TestRetrieveValue_String_Success" />
    </UnitTest>
    <UnitTest name="TestStoreValue_Integer_Success" storage="c:\users\radug\documents\github\project-terminal\.godot\mono\temp\bin\debug\projectterminal.dll" id="25620554-343c-9e73-e958-3c11ea51c476">
      <Execution id="36943027-d353-4d0b-a097-fcafda839784" />
      <TestMethod codeBase="C:\Users\radug\Documents\GitHub\Project-Terminal\.godot\mono\temp\bin\Debug\ProjectTerminal.dll" adapterTypeName="executor://gdunit4.testadapter/" className="ProjectTerminal.Tests.SecureStorageWrapperTest" name="TestStoreValue_Integer_Success" />
    </UnitTest>
    <UnitTest name="TestClearValue_NonExistentKey_ReturnsTrue" storage="c:\users\radug\documents\github\project-terminal\.godot\mono\temp\bin\debug\projectterminal.dll" id="b55fba28-be77-b8f9-e5bc-7ff849cca3c9">
      <Execution id="fcb243f8-b534-41c6-be3c-167490155756" />
      <TestMethod codeBase="C:\Users\radug\Documents\GitHub\Project-Terminal\.godot\mono\temp\bin\Debug\ProjectTerminal.dll" adapterTypeName="executor://gdunit4.testadapter/" className="ProjectTerminal.Tests.SecureStorageWrapperTest" name="TestClearValue_NonExistentKey_ReturnsTrue" />
    </UnitTest>
  </TestDefinitions>
  <TestEntries>
    <TestEntry testId="53fcba13-8bb6-3db6-395d-29a216e9f866" executionId="59fe9839-83ea-4721-b5b5-3ac940ef2132" testListId="8c84fa94-04c1-424b-9868-57a2d4851a1d" />
    <TestEntry testId="e6e3567b-4ea9-84b3-800f-1f7f58d7af7a" executionId="bcc1219a-1ced-4e98-ab32-7e0c19cb5851" testListId="8c84fa94-04c1-424b-9868-57a2d4851a1d" />
    <TestEntry testId="9da81a93-3499-60fa-993c-2e5de80d45a0" executionId="9c19e91f-e348-4979-b11e-f7c4e944a319" testListId="8c84fa94-04c1-424b-9868-57a2d4851a1d" />
    <TestEntry testId="703010d4-6f76-e574-19ac-e6214636773d" executionId="385ba373-f7c6-4c31-9711-16ad925c94ee" testListId="8c84fa94-04c1-424b-9868-57a2d4851a1d" />
    <TestEntry testId="9d9a9131-147f-3bdf-3c5a-dacdad0bd4af" executionId="363d2f73-0240-45f2-8076-7607138d4a03" testListId="8c84fa94-04c1-424b-9868-57a2d4851a1d" />
    <TestEntry testId="9ff4496a-9de2-beba-4e4a-207bd69e1682" executionId="a7b89908-1468-43e5-9511-a329286b0ff2" testListId="8c84fa94-04c1-424b-9868-57a2d4851a1d" />
    <TestEntry testId="25620554-343c-9e73-e958-3c11ea51c476" executionId="36943027-d353-4d0b-a097-fcafda839784" testListId="8c84fa94-04c1-424b-9868-57a2d4851a1d" />
    <TestEntry testId="a13ca9fd-fb85-b45c-e1a5-faf954d8261f" executionId="6063b54c-a28e-4ffe-bf08-6496e6c580f4" testListId="8c84fa94-04c1-424b-9868-57a2d4851a1d" />
    <TestEntry testId="b55fba28-be77-b8f9-e5bc-7ff849cca3c9" executionId="fcb243f8-b534-41c6-be3c-167490155756" testListId="8c84fa94-04c1-424b-9868-57a2d4851a1d" />
    <TestEntry testId="94e1d4cd-a46c-8570-defb-01337ea5bcc1" executionId="8823c966-418b-400e-9f65-cdafb9f50311" testListId="8c84fa94-04c1-424b-9868-57a2d4851a1d" />
    <TestEntry testId="1408b17d-44cd-7cdd-0f93-139b005d5654" executionId="9adce371-ed0c-4b0c-bdff-379ce6cd0460" testListId="8c84fa94-04c1-424b-9868-57a2d4851a1d" />
    <TestEntry testId="b1662bf2-fd2f-dcc0-7c49-16aad20a27d7" executionId="8f7bad48-9ebc-481c-ba2a-b7662df524a2" testListId="8c84fa94-04c1-424b-9868-57a2d4851a1d" />
    <TestEntry testId="767328c8-7b0b-2c9b-e71e-119743f122d6" executionId="145f6af5-864b-4cc6-9049-6e6b7e900c3e" testListId="8c84fa94-04c1-424b-9868-57a2d4851a1d" />
    <TestEntry testId="de9c6b75-7f81-d4b1-0f65-36a9a12eb1ab" executionId="e5a3bbf7-e588-4165-be74-459d8cc73437" testListId="8c84fa94-04c1-424b-9868-57a2d4851a1d" />
    <TestEntry testId="0a771bbc-848e-c14c-2795-133759d3b56d" executionId="b8143bba-e4ee-4fb7-aea0-2fa5e8dc32c3" testListId="8c84fa94-04c1-424b-9868-57a2d4851a1d" />
    <TestEntry testId="cab51616-cf6c-1a70-ff7e-0ae1e5a3be2e" executionId="9646f6d5-5470-48d6-b1b0-4ef2f5b6c8c8" testListId="8c84fa94-04c1-424b-9868-57a2d4851a1d" />
    <TestEntry testId="cad80f10-1148-a7e9-f872-ce25d1cc572c" executionId="f6ed96da-808f-4ee6-bef0-bff15a55c849" testListId="8c84fa94-04c1-424b-9868-57a2d4851a1d" />
    <TestEntry testId="a7735502-29bf-8bf1-bc41-7a70abb503c1" executionId="9ca92f27-f070-4a7f-bce9-56e2405cdd22" testListId="8c84fa94-04c1-424b-9868-57a2d4851a1d" />
    <TestEntry testId="5e9c7ffa-aba6-c4a1-be46-e877e551fd8d" executionId="183312f5-3ebf-4f2d-b082-29d5c2a59535" testListId="8c84fa94-04c1-424b-9868-57a2d4851a1d" />
    <TestEntry testId="622b5d4a-6169-9179-a1ed-d76bd2fc0dac" executionId="c14640b7-73ea-43f1-96c1-d52616afbdae" testListId="8c84fa94-04c1-424b-9868-57a2d4851a1d" />
    <TestEntry testId="08365228-a10d-5a13-77c8-0368348773fc" executionId="67a5b6a6-d44f-40f4-9e46-8d7c7bee61f3" testListId="8c84fa94-04c1-424b-9868-57a2d4851a1d" />
    <TestEntry testId="132bb2ac-df9d-c459-b417-48a91e50a744" executionId="31ba9a9c-e298-45fd-9129-0429b205bbdd" testListId="8c84fa94-04c1-424b-9868-57a2d4851a1d" />
    <TestEntry testId="c76ec88b-2069-4f42-ebdd-99932f277499" executionId="058469f0-225a-4a74-bfc1-78c3fca042cd" testListId="8c84fa94-04c1-424b-9868-57a2d4851a1d" />
    <TestEntry testId="e20d0f11-16fb-fbf9-1085-b767480808bd" executionId="79e9ce7c-4572-4e79-808f-ec47b414d318" testListId="8c84fa94-04c1-424b-9868-57a2d4851a1d" />
    <TestEntry testId="9137e876-60ce-9743-b162-68260de3e5c1" executionId="6c1e77e0-30d8-45db-bdcd-4ac8015d467b" testListId="8c84fa94-04c1-424b-9868-57a2d4851a1d" />
    <TestEntry testId="8fcc4fa9-3290-ad18-da96-e44dea776a4f" executionId="4b011361-d33b-417b-a6c1-a0097274e1ab" testListId="8c84fa94-04c1-424b-9868-57a2d4851a1d" />
    <TestEntry testId="5b05749c-2e12-2ae6-0a43-abcd87407d0b" executionId="434788e3-bec0-48f6-add6-186ead4ca189" testListId="8c84fa94-04c1-424b-9868-57a2d4851a1d" />
    <TestEntry testId="083ab0d1-ab4c-e0c8-6964-d0f11a6251d3" executionId="26cab72c-3005-43cb-bea5-1db8f59edb8f" testListId="8c84fa94-04c1-424b-9868-57a2d4851a1d" />
    <TestEntry testId="364511c1-072c-6cac-6ed9-57b60af2be5e" executionId="11dc8e45-c27f-4a74-9b4e-b844b67ad5af" testListId="8c84fa94-04c1-424b-9868-57a2d4851a1d" />
    <TestEntry testId="416c781e-2bf0-0cee-cf15-0be00b7adc79" executionId="506b4063-d134-499b-a2b7-23c512df2c7e" testListId="8c84fa94-04c1-424b-9868-57a2d4851a1d" />
    <TestEntry testId="1e2a9bf8-70a2-2e1a-33b0-559ff36d2f41" executionId="0eac121a-b083-4d7f-ac4a-7f93f725507e" testListId="8c84fa94-04c1-424b-9868-57a2d4851a1d" />
  </TestEntries>
  <TestLists>
    <TestList name="Results Not in a List" id="8c84fa94-04c1-424b-9868-57a2d4851a1d" />
    <TestList name="All Loaded Results" id="19431567-8539-422a-85d7-44ee4e166bda" />
  </TestLists>
  <ResultSummary outcome="Completed">
    <Counters total="31" executed="31" passed="31" failed="0" error="0" timeout="0" aborted="0" inconclusive="0" passedButRunAborted="0" notRunnable="0" notExecuted="0" disconnected="0" warning="0" completed="0" inProgress="0" pending="0" />
    <Output>
      <StdOut>CheckGdUnit4ApiVersion gdUnit4Api, Version=4.3.1.0&#xD;
Start executing tests, 31 TestCases total.&#xD;
Current directory set to: C:\Users\radug\Documents\GitHub\Project-Terminal&#xD;
Run with args  --path . res://gdunit4_testadapter/TestAdapterRunner.tscn --testadapter --configfile="C:\Users\radug\Documents\GitHub\Project-Terminal\GdUnitRunner_2245aa27-7ae9-4e1b-a5e3-42bd5332d4e4.cfg" &#xD;
TestEventReportServer:: Wait for connecting GdUnit4 test report client.&#xD;
TestEventReportServer:: TestAdapterReporter: Successfully connected to GdUnit4 test report server!&#xD;
TestEventReportServer:: TestAdapterReporter: Disconnecting from GdUnit4 test report server.&#xD;
Godot ends with exit code: 0&#xD;
Run TestRunner ends with 0&#xD;
</StdOut>
    </Output>
  </ResultSummary>
</TestRun>