<?xml version="1.0" encoding="utf-8"?>
<TestRun id="609045d9-8bdd-413e-a8a4-bfe14b16ea92" name="radug@PC 2025-03-30 23:28:08" runUser="PC\radug" xmlns="http://microsoft.com/schemas/VisualStudio/TeamTest/2010">
  <Times creation="2025-03-30T23:28:08.3447558+03:00" queuing="2025-03-30T23:28:08.3447559+03:00" start="2025-03-30T23:28:06.2760030+03:00" finish="2025-03-30T23:28:08.3731446+03:00" />
  <TestSettings name="default" id="e389ae62-e18a-4fd8-b3ef-1fb5efbe3c7e">
    <Deployment runDeploymentRoot="radug_PC_2025-03-30_23_28_08" />
  </TestSettings>
  <Results>
    <UnitTestResult executionId="081563b9-b837-487c-aab8-684e8cc1d897" testId="acf80dcf-0a39-671e-8c47-9297d31aa126" testName="TestStoreObject_Success" computerName="PC" duration="00:00:00.0160000" startTime="2025-03-30T23:28:08.1656202+03:00" endTime="2025-03-30T23:28:08.1662571+03:00" testType="13cdc9d9-ddb5-4fa4-a97d-d965ccfc6d4b" outcome="Passed" testListId="8c84fa94-04c1-424b-9868-57a2d4851a1d" relativeResultsDirectory="081563b9-b837-487c-aab8-684e8cc1d897" />
  </Results>
  <TestDefinitions>
    <UnitTest name="TestStoreObject_Success" storage="c:\users\radug\documents\github\project-terminal\.godot\mono\temp\bin\debug\projectterminal.dll" id="acf80dcf-0a39-671e-8c47-9297d31aa126">
      <Execution id="081563b9-b837-487c-aab8-684e8cc1d897" />
      <TestMethod codeBase="C:\Users\radug\Documents\GitHub\Project-Terminal\.godot\mono\temp\bin\Debug\ProjectTerminal.dll" adapterTypeName="executor://gdunit4.testadapter/" className="ProjectTerminal.Tests.SecureStorageWrapperTest" name="TestStoreObject_Success" />
    </UnitTest>
  </TestDefinitions>
  <TestEntries>
    <TestEntry testId="acf80dcf-0a39-671e-8c47-9297d31aa126" executionId="081563b9-b837-487c-aab8-684e8cc1d897" testListId="8c84fa94-04c1-424b-9868-57a2d4851a1d" />
  </TestEntries>
  <TestLists>
    <TestList name="Results Not in a List" id="8c84fa94-04c1-424b-9868-57a2d4851a1d" />
    <TestList name="All Loaded Results" id="19431567-8539-422a-85d7-44ee4e166bda" />
  </TestLists>
  <ResultSummary outcome="Completed">
    <Counters total="1" executed="1" passed="1" failed="0" error="0" timeout="0" aborted="0" inconclusive="0" passedButRunAborted="0" notRunnable="0" notExecuted="0" disconnected="0" warning="0" completed="0" inProgress="0" pending="0" />
    <Output>
      <StdOut>CheckGdUnit4ApiVersion gdUnit4Api, Version=4.3.1.0&#xD;
Start executing tests, 2 TestCases total.&#xD;
Current directory set to: C:\Users\radug\Documents\GitHub\Project-Terminal&#xD;
Run with args  --path . res://gdunit4_testadapter/TestAdapterRunner.tscn --testadapter --configfile="C:\Users\radug\Documents\GitHub\Project-Terminal\GdUnitRunner_9f6f06ff-2a19-4eb3-b4fb-8c677eeaa03c.cfg" &#xD;
TestEventReportServer:: Wait for connecting GdUnit4 test report client.&#xD;
TestEventReportServer:: TestAdapterReporter: Successfully connected to GdUnit4 test report server!&#xD;
TestEventReportServer:: TestAdapterReporter: Disconnecting from GdUnit4 test report server.&#xD;
Error: WARNING: ObjectDB instances leaked at exit (run with --verbose for details).&#xD;
Error: at: cleanup (core/object/object.cpp:2378)&#xD;
Godot ends with exit code: 0&#xD;
Run TestRunner ends with 0&#xD;
</StdOut>
    </Output>
  </ResultSummary>
</TestRun>