<?xml version="1.0" encoding="utf-8"?>
<TestRun id="c7036faf-5b2b-471c-836f-45b46b7c528f" name="radug@PC 2025-04-01 00:57:37" runUser="PC\radug" xmlns="http://microsoft.com/schemas/VisualStudio/TeamTest/2010">
  <Times creation="2025-04-01T00:57:37.6751990+03:00" queuing="2025-04-01T00:57:37.6751991+03:00" start="2025-04-01T00:57:35.5761094+03:00" finish="2025-04-01T00:57:38.0760269+03:00" />
  <TestSettings name="default" id="f6ae84f4-d6bf-4bfc-8051-11a1ad4fd9c2">
    <Deployment runDeploymentRoot="radug_PC_2025-04-01_00_57_37" />
  </TestSettings>
  <Results>
    <UnitTestResult executionId="a1076d19-13d8-4a1c-a3ce-66f9239a0e4f" testId="9d9a9131-147f-3bdf-3c5a-dacdad0bd4af" testName="TestRetrieveValue_DateTime_Success" computerName="PC" duration="00:00:00.0080000" startTime="2025-04-01T00:57:37.7958499+03:00" endTime="2025-04-01T00:57:37.7958559+03:00" testType="13cdc9d9-ddb5-4fa4-a97d-d965ccfc6d4b" outcome="Passed" testListId="8c84fa94-04c1-424b-9868-57a2d4851a1d" relativeResultsDirectory="a1076d19-13d8-4a1c-a3ce-66f9239a0e4f" />
    <UnitTestResult executionId="88eb1e53-f8a1-4919-aa63-7c5d40f35ccb" testId="cad80f10-1148-a7e9-f872-ce25d1cc572c" testName="TestStoreObject_GenericObject_Success" computerName="PC" duration="00:00:00.0210000" startTime="2025-04-01T00:57:37.5822610+03:00" endTime="2025-04-01T00:57:37.5828584+03:00" testType="13cdc9d9-ddb5-4fa4-a97d-d965ccfc6d4b" outcome="Passed" testListId="8c84fa94-04c1-424b-9868-57a2d4851a1d" relativeResultsDirectory="88eb1e53-f8a1-4919-aa63-7c5d40f35ccb" />
    <UnitTestResult executionId="fd972fbe-383c-4ade-a6fd-e063492cb142" testId="1e2a9bf8-70a2-2e1a-33b0-559ff36d2f41" testName="TestRetrieveValue_Double_Success" computerName="PC" duration="00:00:00.0080000" startTime="2025-04-01T00:57:37.7874889+03:00" endTime="2025-04-01T00:57:37.7874905+03:00" testType="13cdc9d9-ddb5-4fa4-a97d-d965ccfc6d4b" outcome="Passed" testListId="8c84fa94-04c1-424b-9868-57a2d4851a1d" relativeResultsDirectory="fd972fbe-383c-4ade-a6fd-e063492cb142" />
    <UnitTestResult executionId="d0441872-f98f-4252-aa9e-07ea16f9ac55" testId="53fcba13-8bb6-3db6-395d-29a216e9f866" testName="TestStoreValue_DateTime_Success" computerName="PC" duration="00:00:00.0080000" startTime="2025-04-01T00:57:37.7333272+03:00" endTime="2025-04-01T00:57:37.7333289+03:00" testType="13cdc9d9-ddb5-4fa4-a97d-d965ccfc6d4b" outcome="Passed" testListId="8c84fa94-04c1-424b-9868-57a2d4851a1d" relativeResultsDirectory="d0441872-f98f-4252-aa9e-07ea16f9ac55" />
    <UnitTestResult executionId="70bc5547-b7dc-455d-b438-5fc5775e693d" testId="0a771bbc-848e-c14c-2795-133759d3b56d" testName="TestRetrieveObject_InvalidJson_ReturnsDefault" computerName="PC" duration="00:00:00.0120000" startTime="2025-04-01T00:57:37.6666379+03:00" endTime="2025-04-01T00:57:37.6666430+03:00" testType="13cdc9d9-ddb5-4fa4-a97d-d965ccfc6d4b" outcome="Passed" testListId="8c84fa94-04c1-424b-9868-57a2d4851a1d" relativeResultsDirectory="70bc5547-b7dc-455d-b438-5fc5775e693d" />
    <UnitTestResult executionId="1b4812a6-26ed-4be9-8ea0-a6d03b1d260f" testId="b1662bf2-fd2f-dcc0-7c49-16aad20a27d7" testName="TestRetrieveValue_String_Success" computerName="PC" duration="00:00:00.0030000" startTime="2025-04-01T00:57:37.7457462+03:00" endTime="2025-04-01T00:57:37.7457481+03:00" testType="13cdc9d9-ddb5-4fa4-a97d-d965ccfc6d4b" outcome="Passed" testListId="8c84fa94-04c1-424b-9868-57a2d4851a1d" relativeResultsDirectory="1b4812a6-26ed-4be9-8ea0-a6d03b1d260f" />
    <UnitTestResult executionId="f36b080e-50ee-42f3-9e6a-e94ec4647362" testId="cab51616-cf6c-1a70-ff7e-0ae1e5a3be2e" testName="TestStoreValue_Boolean_Success" computerName="PC" duration="00:00:00.0120000" startTime="2025-04-01T00:57:37.7041560+03:00" endTime="2025-04-01T00:57:37.7041581+03:00" testType="13cdc9d9-ddb5-4fa4-a97d-d965ccfc6d4b" outcome="Passed" testListId="8c84fa94-04c1-424b-9868-57a2d4851a1d" relativeResultsDirectory="f36b080e-50ee-42f3-9e6a-e94ec4647362" />
    <UnitTestResult executionId="0fafa62f-e297-4702-ae5a-1f96bec9024b" testId="1408b17d-44cd-7cdd-0f93-139b005d5654" testName="TestStoreObject_NullKey_Fails" computerName="PC" duration="00:00:00.0110000" startTime="2025-04-01T00:57:37.5934198+03:00" endTime="2025-04-01T00:57:37.5934239+03:00" testType="13cdc9d9-ddb5-4fa4-a97d-d965ccfc6d4b" outcome="Passed" testListId="8c84fa94-04c1-424b-9868-57a2d4851a1d" relativeResultsDirectory="0fafa62f-e297-4702-ae5a-1f96bec9024b" />
    <UnitTestResult executionId="c1917ef7-8807-4851-a4b8-3940d176aade" testId="622b5d4a-6169-9179-a1ed-d76bd2fc0dac" testName="TestRetrieveValue_EmptyContent_ReturnsDefault" computerName="PC" duration="00:00:00.0120000" startTime="2025-04-01T00:57:37.8208029+03:00" endTime="2025-04-01T00:57:37.8208049+03:00" testType="13cdc9d9-ddb5-4fa4-a97d-d965ccfc6d4b" outcome="Passed" testListId="8c84fa94-04c1-424b-9868-57a2d4851a1d" relativeResultsDirectory="c1917ef7-8807-4851-a4b8-3940d176aade" />
    <UnitTestResult executionId="e4576675-2553-43c9-8a94-25154dd09805" testId="25620554-343c-9e73-e958-3c11ea51c476" testName="TestStoreValue_Integer_Success" computerName="PC" duration="00:00:00.0080000" startTime="2025-04-01T00:57:37.6917122+03:00" endTime="2025-04-01T00:57:37.6917145+03:00" testType="13cdc9d9-ddb5-4fa4-a97d-d965ccfc6d4b" outcome="Passed" testListId="8c84fa94-04c1-424b-9868-57a2d4851a1d" relativeResultsDirectory="e4576675-2553-43c9-8a94-25154dd09805" />
    <UnitTestResult executionId="584cc2ad-adbb-4ef1-beed-00b96b2ce7d6" testId="703010d4-6f76-e574-19ac-e6214636773d" testName="TestStoreValue_String_Success" computerName="PC" duration="00:00:00.0080000" startTime="2025-04-01T00:57:37.6833073+03:00" endTime="2025-04-01T00:57:37.6833115+03:00" testType="13cdc9d9-ddb5-4fa4-a97d-d965ccfc6d4b" outcome="Passed" testListId="8c84fa94-04c1-424b-9868-57a2d4851a1d" relativeResultsDirectory="584cc2ad-adbb-4ef1-beed-00b96b2ce7d6" />
    <UnitTestResult executionId="cde458dc-6988-4e72-87a2-35d84545f9c1" testId="5e9c7ffa-aba6-c4a1-be46-e877e551fd8d" testName="TestRetrieveValue_Integer_Success" computerName="PC" duration="00:00:00.0120000" startTime="2025-04-01T00:57:37.7585706+03:00" endTime="2025-04-01T00:57:37.7585766+03:00" testType="13cdc9d9-ddb5-4fa4-a97d-d965ccfc6d4b" outcome="Passed" testListId="8c84fa94-04c1-424b-9868-57a2d4851a1d" relativeResultsDirectory="cde458dc-6988-4e72-87a2-35d84545f9c1" />
    <UnitTestResult executionId="e3eac3a4-7d28-4329-9f66-302155501186" testId="5b05749c-2e12-2ae6-0a43-abcd87407d0b" testName="TestStoreObject_NullObject_Fails" computerName="PC" duration="00:00:00.0120000" startTime="2025-04-01T00:57:37.6125481+03:00" endTime="2025-04-01T00:57:37.6125537+03:00" testType="13cdc9d9-ddb5-4fa4-a97d-d965ccfc6d4b" outcome="Passed" testListId="8c84fa94-04c1-424b-9868-57a2d4851a1d" relativeResultsDirectory="e3eac3a4-7d28-4329-9f66-302155501186" />
    <UnitTestResult executionId="007b34d3-23bc-4dc9-865b-ed5c915e896a" testId="416c781e-2bf0-0cee-cf15-0be00b7adc79" testName="TestRetrieveObject_PrimitiveType" computerName="PC" duration="00:00:00.0080000" startTime="2025-04-01T00:57:37.6750517+03:00" endTime="2025-04-01T00:57:37.6750587+03:00" testType="13cdc9d9-ddb5-4fa4-a97d-d965ccfc6d4b" outcome="Passed" testListId="8c84fa94-04c1-424b-9868-57a2d4851a1d" relativeResultsDirectory="007b34d3-23bc-4dc9-865b-ed5c915e896a" />
    <UnitTestResult executionId="78b3f1d0-a4ca-4028-af7a-9fd697a06a8c" testId="132bb2ac-df9d-c459-b417-48a91e50a744" testName="TestStoreValue_Float_Success" computerName="PC" duration="00:00:00.0080000" startTime="2025-04-01T00:57:37.7124875+03:00" endTime="2025-04-01T00:57:37.7124923+03:00" testType="13cdc9d9-ddb5-4fa4-a97d-d965ccfc6d4b" outcome="Passed" testListId="8c84fa94-04c1-424b-9868-57a2d4851a1d" relativeResultsDirectory="78b3f1d0-a4ca-4028-af7a-9fd697a06a8c" />
    <UnitTestResult executionId="e5aaba74-22c6-4a6c-a1a0-724c0a272016" testId="083ab0d1-ab4c-e0c8-6964-d0f11a6251d3" testName="TestRetrieveObject_ComplexObject" computerName="PC" duration="00:00:00.0150000" startTime="2025-04-01T00:57:37.6406252+03:00" endTime="2025-04-01T00:57:37.6406301+03:00" testType="13cdc9d9-ddb5-4fa4-a97d-d965ccfc6d4b" outcome="Passed" testListId="8c84fa94-04c1-424b-9868-57a2d4851a1d" relativeResultsDirectory="e5aaba74-22c6-4a6c-a1a0-724c0a272016" />
    <UnitTestResult executionId="a9d8ecf4-0548-4841-9484-2cd7a74c1060" testId="c76ec88b-2069-4f42-ebdd-99932f277499" testName="TestStoreValue_NullValue_CallsClearValue" computerName="PC" duration="00:00:00.0080000" startTime="2025-04-01T00:57:37.7416374+03:00" endTime="2025-04-01T00:57:37.7416394+03:00" testType="13cdc9d9-ddb5-4fa4-a97d-d965ccfc6d4b" outcome="Passed" testListId="8c84fa94-04c1-424b-9868-57a2d4851a1d" relativeResultsDirectory="a9d8ecf4-0548-4841-9484-2cd7a74c1060" />
    <UnitTestResult executionId="21fce135-e8a6-4098-8b2f-78d47cd31237" testId="08365228-a10d-5a13-77c8-0368348773fc" testName="TestStoreObject_EmptyKey_Fails" computerName="PC" duration="00:00:00.0060000" startTime="2025-04-01T00:57:37.5999046+03:00" endTime="2025-04-01T00:57:37.5999081+03:00" testType="13cdc9d9-ddb5-4fa4-a97d-d965ccfc6d4b" outcome="Passed" testListId="8c84fa94-04c1-424b-9868-57a2d4851a1d" relativeResultsDirectory="21fce135-e8a6-4098-8b2f-78d47cd31237" />
    <UnitTestResult executionId="0415c981-9a91-42b8-8015-9f48dfc54814" testId="9137e876-60ce-9743-b162-68260de3e5c1" testName="TestRetrieveValue_TypeMismatch_ReturnsDefault" computerName="PC" duration="00:00:00.0120000" startTime="2025-04-01T00:57:37.8458807+03:00" endTime="2025-04-01T00:57:37.8458851+03:00" testType="13cdc9d9-ddb5-4fa4-a97d-d965ccfc6d4b" outcome="Passed" testListId="8c84fa94-04c1-424b-9868-57a2d4851a1d" relativeResultsDirectory="0415c981-9a91-42b8-8015-9f48dfc54814" />
    <UnitTestResult executionId="f73733fb-b9df-4760-9553-7b8ad1c2a631" testId="e20d0f11-16fb-fbf9-1085-b767480808bd" testName="TestRetrieveObject_NonExistentKey_ReturnsDefault" computerName="PC" duration="00:00:00.0050000" startTime="2025-04-01T00:57:37.6457238+03:00" endTime="2025-04-01T00:57:37.6457261+03:00" testType="13cdc9d9-ddb5-4fa4-a97d-d965ccfc6d4b" outcome="Passed" testListId="8c84fa94-04c1-424b-9868-57a2d4851a1d" relativeResultsDirectory="f73733fb-b9df-4760-9553-7b8ad1c2a631" />
    <UnitTestResult executionId="c8d2ec9f-4d7c-4ad3-ba57-5492ad4404a2" testId="9da81a93-3499-60fa-993c-2e5de80d45a0" testName="TestRetrieveObject_EmptyJson_ReturnsDefault" computerName="PC" duration="00:00:00.0080000" startTime="2025-04-01T00:57:37.6540283+03:00" endTime="2025-04-01T00:57:37.6540314+03:00" testType="13cdc9d9-ddb5-4fa4-a97d-d965ccfc6d4b" outcome="Passed" testListId="8c84fa94-04c1-424b-9868-57a2d4851a1d" relativeResultsDirectory="c8d2ec9f-4d7c-4ad3-ba57-5492ad4404a2" />
    <UnitTestResult executionId="29d3ff35-0808-4b77-8908-3fe39f38c81e" testId="a13ca9fd-fb85-b45c-e1a5-faf954d8261f" testName="TestRetrieveValue_Float_Success" computerName="PC" duration="00:00:00.0120000" startTime="2025-04-01T00:57:37.7791162+03:00" endTime="2025-04-01T00:57:37.7791187+03:00" testType="13cdc9d9-ddb5-4fa4-a97d-d965ccfc6d4b" outcome="Passed" testListId="8c84fa94-04c1-424b-9868-57a2d4851a1d" relativeResultsDirectory="29d3ff35-0808-4b77-8908-3fe39f38c81e" />
    <UnitTestResult executionId="ba66af6a-7ecf-4db5-93a5-c428cb34149f" testId="364511c1-072c-6cac-6ed9-57b60af2be5e" testName="TestRetrieveValue_NonExistentKey_ReturnsDefault" computerName="PC" duration="00:00:00.0120000" startTime="2025-04-01T00:57:37.8082240+03:00" endTime="2025-04-01T00:57:37.8082257+03:00" testType="13cdc9d9-ddb5-4fa4-a97d-d965ccfc6d4b" outcome="Passed" testListId="8c84fa94-04c1-424b-9868-57a2d4851a1d" relativeResultsDirectory="ba66af6a-7ecf-4db5-93a5-c428cb34149f" />
    <UnitTestResult executionId="525afeba-2f0c-46a9-bdc8-2e18afb73d1b" testId="de9c6b75-7f81-d4b1-0f65-36a9a12eb1ab" testName="TestRetrieveObject_Success" computerName="PC" duration="00:00:00.0120000" startTime="2025-04-01T00:57:37.6250123+03:00" endTime="2025-04-01T00:57:37.6250164+03:00" testType="13cdc9d9-ddb5-4fa4-a97d-d965ccfc6d4b" outcome="Passed" testListId="8c84fa94-04c1-424b-9868-57a2d4851a1d" relativeResultsDirectory="525afeba-2f0c-46a9-bdc8-2e18afb73d1b" />
    <UnitTestResult executionId="8dd666ee-b96f-447e-8cba-f8ee603aba47" testId="767328c8-7b0b-2c9b-e71e-119743f122d6" testName="TestRetrieveValue_InvalidFormat_ReturnsDefault" computerName="PC" duration="00:00:00.0120000" startTime="2025-04-01T00:57:37.8333481+03:00" endTime="2025-04-01T00:57:37.8333541+03:00" testType="13cdc9d9-ddb5-4fa4-a97d-d965ccfc6d4b" outcome="Passed" testListId="8c84fa94-04c1-424b-9868-57a2d4851a1d" relativeResultsDirectory="8dd666ee-b96f-447e-8cba-f8ee603aba47" />
    <UnitTestResult executionId="18456f43-ae32-4f72-9ee1-6a43dfdd1911" testId="a7735502-29bf-8bf1-bc41-7a70abb503c1" testName="TestRetrieveValue_Boolean_Success" computerName="PC" duration="00:00:00.0070000" startTime="2025-04-01T00:57:37.7666325+03:00" endTime="2025-04-01T00:57:37.7666369+03:00" testType="13cdc9d9-ddb5-4fa4-a97d-d965ccfc6d4b" outcome="Passed" testListId="8c84fa94-04c1-424b-9868-57a2d4851a1d" relativeResultsDirectory="18456f43-ae32-4f72-9ee1-6a43dfdd1911" />
    <UnitTestResult executionId="d0d7beaf-33b6-4565-b549-72a28e4c9718" testId="e6e3567b-4ea9-84b3-800f-1f7f58d7af7a" testName="TestStoreValue_Double_Success" computerName="PC" duration="00:00:00.0120000" startTime="2025-04-01T00:57:37.7249123+03:00" endTime="2025-04-01T00:57:37.7249140+03:00" testType="13cdc9d9-ddb5-4fa4-a97d-d965ccfc6d4b" outcome="Passed" testListId="8c84fa94-04c1-424b-9868-57a2d4851a1d" relativeResultsDirectory="d0d7beaf-33b6-4565-b549-72a28e4c9718" />
  </Results>
  <TestDefinitions>
    <UnitTest name="TestRetrieveValue_NonExistentKey_ReturnsDefault" storage="c:\users\radug\documents\github\project-terminal\.godot\mono\temp\bin\debug\projectterminal.dll" id="364511c1-072c-6cac-6ed9-57b60af2be5e">
      <Execution id="ba66af6a-7ecf-4db5-93a5-c428cb34149f" />
      <TestMethod codeBase="C:\Users\radug\Documents\GitHub\Project-Terminal\.godot\mono\temp\bin\Debug\ProjectTerminal.dll" adapterTypeName="executor://gdunit4.testadapter/" className="ProjectTerminal.Tests.SecureStorageWrapperTest" name="TestRetrieveValue_NonExistentKey_ReturnsDefault" />
    </UnitTest>
    <UnitTest name="TestRetrieveObject_InvalidJson_ReturnsDefault" storage="c:\users\radug\documents\github\project-terminal\.godot\mono\temp\bin\debug\projectterminal.dll" id="0a771bbc-848e-c14c-2795-133759d3b56d">
      <Execution id="70bc5547-b7dc-455d-b438-5fc5775e693d" />
      <TestMethod codeBase="C:\Users\radug\Documents\GitHub\Project-Terminal\.godot\mono\temp\bin\Debug\ProjectTerminal.dll" adapterTypeName="executor://gdunit4.testadapter/" className="ProjectTerminal.Tests.SecureStorageWrapperTest" name="TestRetrieveObject_InvalidJson_ReturnsDefault" />
    </UnitTest>
    <UnitTest name="TestRetrieveValue_Float_Success" storage="c:\users\radug\documents\github\project-terminal\.godot\mono\temp\bin\debug\projectterminal.dll" id="a13ca9fd-fb85-b45c-e1a5-faf954d8261f">
      <Execution id="29d3ff35-0808-4b77-8908-3fe39f38c81e" />
      <TestMethod codeBase="C:\Users\radug\Documents\GitHub\Project-Terminal\.godot\mono\temp\bin\Debug\ProjectTerminal.dll" adapterTypeName="executor://gdunit4.testadapter/" className="ProjectTerminal.Tests.SecureStorageWrapperTest" name="TestRetrieveValue_Float_Success" />
    </UnitTest>
    <UnitTest name="TestRetrieveObject_EmptyJson_ReturnsDefault" storage="c:\users\radug\documents\github\project-terminal\.godot\mono\temp\bin\debug\projectterminal.dll" id="9da81a93-3499-60fa-993c-2e5de80d45a0">
      <Execution id="c8d2ec9f-4d7c-4ad3-ba57-5492ad4404a2" />
      <TestMethod codeBase="C:\Users\radug\Documents\GitHub\Project-Terminal\.godot\mono\temp\bin\Debug\ProjectTerminal.dll" adapterTypeName="executor://gdunit4.testadapter/" className="ProjectTerminal.Tests.SecureStorageWrapperTest" name="TestRetrieveObject_EmptyJson_ReturnsDefault" />
    </UnitTest>
    <UnitTest name="TestRetrieveValue_DateTime_Success" storage="c:\users\radug\documents\github\project-terminal\.godot\mono\temp\bin\debug\projectterminal.dll" id="9d9a9131-147f-3bdf-3c5a-dacdad0bd4af">
      <Execution id="a1076d19-13d8-4a1c-a3ce-66f9239a0e4f" />
      <TestMethod codeBase="C:\Users\radug\Documents\GitHub\Project-Terminal\.godot\mono\temp\bin\Debug\ProjectTerminal.dll" adapterTypeName="executor://gdunit4.testadapter/" className="ProjectTerminal.Tests.SecureStorageWrapperTest" name="TestRetrieveValue_DateTime_Success" />
    </UnitTest>
    <UnitTest name="TestStoreObject_NullKey_Fails" storage="c:\users\radug\documents\github\project-terminal\.godot\mono\temp\bin\debug\projectterminal.dll" id="1408b17d-44cd-7cdd-0f93-139b005d5654">
      <Execution id="0fafa62f-e297-4702-ae5a-1f96bec9024b" />
      <TestMethod codeBase="C:\Users\radug\Documents\GitHub\Project-Terminal\.godot\mono\temp\bin\Debug\ProjectTerminal.dll" adapterTypeName="executor://gdunit4.testadapter/" className="ProjectTerminal.Tests.SecureStorageWrapperTest" name="TestStoreObject_NullKey_Fails" />
    </UnitTest>
    <UnitTest name="TestRetrieveObject_PrimitiveType" storage="c:\users\radug\documents\github\project-terminal\.godot\mono\temp\bin\debug\projectterminal.dll" id="416c781e-2bf0-0cee-cf15-0be00b7adc79">
      <Execution id="007b34d3-23bc-4dc9-865b-ed5c915e896a" />
      <TestMethod codeBase="C:\Users\radug\Documents\GitHub\Project-Terminal\.godot\mono\temp\bin\Debug\ProjectTerminal.dll" adapterTypeName="executor://gdunit4.testadapter/" className="ProjectTerminal.Tests.SecureStorageWrapperTest" name="TestRetrieveObject_PrimitiveType" />
    </UnitTest>
    <UnitTest name="TestStoreValue_String_Success" storage="c:\users\radug\documents\github\project-terminal\.godot\mono\temp\bin\debug\projectterminal.dll" id="703010d4-6f76-e574-19ac-e6214636773d">
      <Execution id="584cc2ad-adbb-4ef1-beed-00b96b2ce7d6" />
      <TestMethod codeBase="C:\Users\radug\Documents\GitHub\Project-Terminal\.godot\mono\temp\bin\Debug\ProjectTerminal.dll" adapterTypeName="executor://gdunit4.testadapter/" className="ProjectTerminal.Tests.SecureStorageWrapperTest" name="TestStoreValue_String_Success" />
    </UnitTest>
    <UnitTest name="TestStoreObject_NullObject_Fails" storage="c:\users\radug\documents\github\project-terminal\.godot\mono\temp\bin\debug\projectterminal.dll" id="5b05749c-2e12-2ae6-0a43-abcd87407d0b">
      <Execution id="e3eac3a4-7d28-4329-9f66-302155501186" />
      <TestMethod codeBase="C:\Users\radug\Documents\GitHub\Project-Terminal\.godot\mono\temp\bin\Debug\ProjectTerminal.dll" adapterTypeName="executor://gdunit4.testadapter/" className="ProjectTerminal.Tests.SecureStorageWrapperTest" name="TestStoreObject_NullObject_Fails" />
    </UnitTest>
    <UnitTest name="TestRetrieveValue_Double_Success" storage="c:\users\radug\documents\github\project-terminal\.godot\mono\temp\bin\debug\projectterminal.dll" id="1e2a9bf8-70a2-2e1a-33b0-559ff36d2f41">
      <Execution id="fd972fbe-383c-4ade-a6fd-e063492cb142" />
      <TestMethod codeBase="C:\Users\radug\Documents\GitHub\Project-Terminal\.godot\mono\temp\bin\Debug\ProjectTerminal.dll" adapterTypeName="executor://gdunit4.testadapter/" className="ProjectTerminal.Tests.SecureStorageWrapperTest" name="TestRetrieveValue_Double_Success" />
    </UnitTest>
    <UnitTest name="TestStoreObject_EmptyKey_Fails" storage="c:\users\radug\documents\github\project-terminal\.godot\mono\temp\bin\debug\projectterminal.dll" id="08365228-a10d-5a13-77c8-0368348773fc">
      <Execution id="21fce135-e8a6-4098-8b2f-78d47cd31237" />
      <TestMethod codeBase="C:\Users\radug\Documents\GitHub\Project-Terminal\.godot\mono\temp\bin\Debug\ProjectTerminal.dll" adapterTypeName="executor://gdunit4.testadapter/" className="ProjectTerminal.Tests.SecureStorageWrapperTest" name="TestStoreObject_EmptyKey_Fails" />
    </UnitTest>
    <UnitTest name="TestStoreObject_GenericObject_Success" storage="c:\users\radug\documents\github\project-terminal\.godot\mono\temp\bin\debug\projectterminal.dll" id="cad80f10-1148-a7e9-f872-ce25d1cc572c">
      <Execution id="88eb1e53-f8a1-4919-aa63-7c5d40f35ccb" />
      <TestMethod codeBase="C:\Users\radug\Documents\GitHub\Project-Terminal\.godot\mono\temp\bin\Debug\ProjectTerminal.dll" adapterTypeName="executor://gdunit4.testadapter/" className="ProjectTerminal.Tests.SecureStorageWrapperTest" name="TestStoreObject_GenericObject_Success" />
    </UnitTest>
    <UnitTest name="TestRetrieveValue_Boolean_Success" storage="c:\users\radug\documents\github\project-terminal\.godot\mono\temp\bin\debug\projectterminal.dll" id="a7735502-29bf-8bf1-bc41-7a70abb503c1">
      <Execution id="18456f43-ae32-4f72-9ee1-6a43dfdd1911" />
      <TestMethod codeBase="C:\Users\radug\Documents\GitHub\Project-Terminal\.godot\mono\temp\bin\Debug\ProjectTerminal.dll" adapterTypeName="executor://gdunit4.testadapter/" className="ProjectTerminal.Tests.SecureStorageWrapperTest" name="TestRetrieveValue_Boolean_Success" />
    </UnitTest>
    <UnitTest name="TestStoreValue_NullValue_CallsClearValue" storage="c:\users\radug\documents\github\project-terminal\.godot\mono\temp\bin\debug\projectterminal.dll" id="c76ec88b-2069-4f42-ebdd-99932f277499">
      <Execution id="a9d8ecf4-0548-4841-9484-2cd7a74c1060" />
      <TestMethod codeBase="C:\Users\radug\Documents\GitHub\Project-Terminal\.godot\mono\temp\bin\Debug\ProjectTerminal.dll" adapterTypeName="executor://gdunit4.testadapter/" className="ProjectTerminal.Tests.SecureStorageWrapperTest" name="TestStoreValue_NullValue_CallsClearValue" />
    </UnitTest>
    <UnitTest name="TestRetrieveObject_NonExistentKey_ReturnsDefault" storage="c:\users\radug\documents\github\project-terminal\.godot\mono\temp\bin\debug\projectterminal.dll" id="e20d0f11-16fb-fbf9-1085-b767480808bd">
      <Execution id="f73733fb-b9df-4760-9553-7b8ad1c2a631" />
      <TestMethod codeBase="C:\Users\radug\Documents\GitHub\Project-Terminal\.godot\mono\temp\bin\Debug\ProjectTerminal.dll" adapterTypeName="executor://gdunit4.testadapter/" className="ProjectTerminal.Tests.SecureStorageWrapperTest" name="TestRetrieveObject_NonExistentKey_ReturnsDefault" />
    </UnitTest>
    <UnitTest name="TestStoreValue_DateTime_Success" storage="c:\users\radug\documents\github\project-terminal\.godot\mono\temp\bin\debug\projectterminal.dll" id="53fcba13-8bb6-3db6-395d-29a216e9f866">
      <Execution id="d0441872-f98f-4252-aa9e-07ea16f9ac55" />
      <TestMethod codeBase="C:\Users\radug\Documents\GitHub\Project-Terminal\.godot\mono\temp\bin\Debug\ProjectTerminal.dll" adapterTypeName="executor://gdunit4.testadapter/" className="ProjectTerminal.Tests.SecureStorageWrapperTest" name="TestStoreValue_DateTime_Success" />
    </UnitTest>
    <UnitTest name="TestRetrieveObject_ComplexObject" storage="c:\users\radug\documents\github\project-terminal\.godot\mono\temp\bin\debug\projectterminal.dll" id="083ab0d1-ab4c-e0c8-6964-d0f11a6251d3">
      <Execution id="e5aaba74-22c6-4a6c-a1a0-724c0a272016" />
      <TestMethod codeBase="C:\Users\radug\Documents\GitHub\Project-Terminal\.godot\mono\temp\bin\Debug\ProjectTerminal.dll" adapterTypeName="executor://gdunit4.testadapter/" className="ProjectTerminal.Tests.SecureStorageWrapperTest" name="TestRetrieveObject_ComplexObject" />
    </UnitTest>
    <UnitTest name="TestStoreValue_Double_Success" storage="c:\users\radug\documents\github\project-terminal\.godot\mono\temp\bin\debug\projectterminal.dll" id="e6e3567b-4ea9-84b3-800f-1f7f58d7af7a">
      <Execution id="d0d7beaf-33b6-4565-b549-72a28e4c9718" />
      <TestMethod codeBase="C:\Users\radug\Documents\GitHub\Project-Terminal\.godot\mono\temp\bin\Debug\ProjectTerminal.dll" adapterTypeName="executor://gdunit4.testadapter/" className="ProjectTerminal.Tests.SecureStorageWrapperTest" name="TestStoreValue_Double_Success" />
    </UnitTest>
    <UnitTest name="TestRetrieveValue_TypeMismatch_ReturnsDefault" storage="c:\users\radug\documents\github\project-terminal\.godot\mono\temp\bin\debug\projectterminal.dll" id="9137e876-60ce-9743-b162-68260de3e5c1">
      <Execution id="0415c981-9a91-42b8-8015-9f48dfc54814" />
      <TestMethod codeBase="C:\Users\radug\Documents\GitHub\Project-Terminal\.godot\mono\temp\bin\Debug\ProjectTerminal.dll" adapterTypeName="executor://gdunit4.testadapter/" className="ProjectTerminal.Tests.SecureStorageWrapperTest" name="TestRetrieveValue_TypeMismatch_ReturnsDefault" />
    </UnitTest>
    <UnitTest name="TestRetrieveValue_EmptyContent_ReturnsDefault" storage="c:\users\radug\documents\github\project-terminal\.godot\mono\temp\bin\debug\projectterminal.dll" id="622b5d4a-6169-9179-a1ed-d76bd2fc0dac">
      <Execution id="c1917ef7-8807-4851-a4b8-3940d176aade" />
      <TestMethod codeBase="C:\Users\radug\Documents\GitHub\Project-Terminal\.godot\mono\temp\bin\Debug\ProjectTerminal.dll" adapterTypeName="executor://gdunit4.testadapter/" className="ProjectTerminal.Tests.SecureStorageWrapperTest" name="TestRetrieveValue_EmptyContent_ReturnsDefault" />
    </UnitTest>
    <UnitTest name="TestStoreValue_Float_Success" storage="c:\users\radug\documents\github\project-terminal\.godot\mono\temp\bin\debug\projectterminal.dll" id="132bb2ac-df9d-c459-b417-48a91e50a744">
      <Execution id="78b3f1d0-a4ca-4028-af7a-9fd697a06a8c" />
      <TestMethod codeBase="C:\Users\radug\Documents\GitHub\Project-Terminal\.godot\mono\temp\bin\Debug\ProjectTerminal.dll" adapterTypeName="executor://gdunit4.testadapter/" className="ProjectTerminal.Tests.SecureStorageWrapperTest" name="TestStoreValue_Float_Success" />
    </UnitTest>
    <UnitTest name="TestStoreValue_Boolean_Success" storage="c:\users\radug\documents\github\project-terminal\.godot\mono\temp\bin\debug\projectterminal.dll" id="cab51616-cf6c-1a70-ff7e-0ae1e5a3be2e">
      <Execution id="f36b080e-50ee-42f3-9e6a-e94ec4647362" />
      <TestMethod codeBase="C:\Users\radug\Documents\GitHub\Project-Terminal\.godot\mono\temp\bin\Debug\ProjectTerminal.dll" adapterTypeName="executor://gdunit4.testadapter/" className="ProjectTerminal.Tests.SecureStorageWrapperTest" name="TestStoreValue_Boolean_Success" />
    </UnitTest>
    <UnitTest name="TestRetrieveValue_Integer_Success" storage="c:\users\radug\documents\github\project-terminal\.godot\mono\temp\bin\debug\projectterminal.dll" id="5e9c7ffa-aba6-c4a1-be46-e877e551fd8d">
      <Execution id="cde458dc-6988-4e72-87a2-35d84545f9c1" />
      <TestMethod codeBase="C:\Users\radug\Documents\GitHub\Project-Terminal\.godot\mono\temp\bin\Debug\ProjectTerminal.dll" adapterTypeName="executor://gdunit4.testadapter/" className="ProjectTerminal.Tests.SecureStorageWrapperTest" name="TestRetrieveValue_Integer_Success" />
    </UnitTest>
    <UnitTest name="TestRetrieveObject_Success" storage="c:\users\radug\documents\github\project-terminal\.godot\mono\temp\bin\debug\projectterminal.dll" id="de9c6b75-7f81-d4b1-0f65-36a9a12eb1ab">
      <Execution id="525afeba-2f0c-46a9-bdc8-2e18afb73d1b" />
      <TestMethod codeBase="C:\Users\radug\Documents\GitHub\Project-Terminal\.godot\mono\temp\bin\Debug\ProjectTerminal.dll" adapterTypeName="executor://gdunit4.testadapter/" className="ProjectTerminal.Tests.SecureStorageWrapperTest" name="TestRetrieveObject_Success" />
    </UnitTest>
    <UnitTest name="TestRetrieveValue_InvalidFormat_ReturnsDefault" storage="c:\users\radug\documents\github\project-terminal\.godot\mono\temp\bin\debug\projectterminal.dll" id="767328c8-7b0b-2c9b-e71e-119743f122d6">
      <Execution id="8dd666ee-b96f-447e-8cba-f8ee603aba47" />
      <TestMethod codeBase="C:\Users\radug\Documents\GitHub\Project-Terminal\.godot\mono\temp\bin\Debug\ProjectTerminal.dll" adapterTypeName="executor://gdunit4.testadapter/" className="ProjectTerminal.Tests.SecureStorageWrapperTest" name="TestRetrieveValue_InvalidFormat_ReturnsDefault" />
    </UnitTest>
    <UnitTest name="TestRetrieveValue_String_Success" storage="c:\users\radug\documents\github\project-terminal\.godot\mono\temp\bin\debug\projectterminal.dll" id="b1662bf2-fd2f-dcc0-7c49-16aad20a27d7">
      <Execution id="1b4812a6-26ed-4be9-8ea0-a6d03b1d260f" />
      <TestMethod codeBase="C:\Users\radug\Documents\GitHub\Project-Terminal\.godot\mono\temp\bin\Debug\ProjectTerminal.dll" adapterTypeName="executor://gdunit4.testadapter/" className="ProjectTerminal.Tests.SecureStorageWrapperTest" name="TestRetrieveValue_String_Success" />
    </UnitTest>
    <UnitTest name="TestStoreValue_Integer_Success" storage="c:\users\radug\documents\github\project-terminal\.godot\mono\temp\bin\debug\projectterminal.dll" id="25620554-343c-9e73-e958-3c11ea51c476">
      <Execution id="e4576675-2553-43c9-8a94-25154dd09805" />
      <TestMethod codeBase="C:\Users\radug\Documents\GitHub\Project-Terminal\.godot\mono\temp\bin\Debug\ProjectTerminal.dll" adapterTypeName="executor://gdunit4.testadapter/" className="ProjectTerminal.Tests.SecureStorageWrapperTest" name="TestStoreValue_Integer_Success" />
    </UnitTest>
  </TestDefinitions>
  <TestEntries>
    <TestEntry testId="9d9a9131-147f-3bdf-3c5a-dacdad0bd4af" executionId="a1076d19-13d8-4a1c-a3ce-66f9239a0e4f" testListId="8c84fa94-04c1-424b-9868-57a2d4851a1d" />
    <TestEntry testId="cad80f10-1148-a7e9-f872-ce25d1cc572c" executionId="88eb1e53-f8a1-4919-aa63-7c5d40f35ccb" testListId="8c84fa94-04c1-424b-9868-57a2d4851a1d" />
    <TestEntry testId="1e2a9bf8-70a2-2e1a-33b0-559ff36d2f41" executionId="fd972fbe-383c-4ade-a6fd-e063492cb142" testListId="8c84fa94-04c1-424b-9868-57a2d4851a1d" />
    <TestEntry testId="53fcba13-8bb6-3db6-395d-29a216e9f866" executionId="d0441872-f98f-4252-aa9e-07ea16f9ac55" testListId="8c84fa94-04c1-424b-9868-57a2d4851a1d" />
    <TestEntry testId="0a771bbc-848e-c14c-2795-133759d3b56d" executionId="70bc5547-b7dc-455d-b438-5fc5775e693d" testListId="8c84fa94-04c1-424b-9868-57a2d4851a1d" />
    <TestEntry testId="b1662bf2-fd2f-dcc0-7c49-16aad20a27d7" executionId="1b4812a6-26ed-4be9-8ea0-a6d03b1d260f" testListId="8c84fa94-04c1-424b-9868-57a2d4851a1d" />
    <TestEntry testId="cab51616-cf6c-1a70-ff7e-0ae1e5a3be2e" executionId="f36b080e-50ee-42f3-9e6a-e94ec4647362" testListId="8c84fa94-04c1-424b-9868-57a2d4851a1d" />
    <TestEntry testId="1408b17d-44cd-7cdd-0f93-139b005d5654" executionId="0fafa62f-e297-4702-ae5a-1f96bec9024b" testListId="8c84fa94-04c1-424b-9868-57a2d4851a1d" />
    <TestEntry testId="622b5d4a-6169-9179-a1ed-d76bd2fc0dac" executionId="c1917ef7-8807-4851-a4b8-3940d176aade" testListId="8c84fa94-04c1-424b-9868-57a2d4851a1d" />
    <TestEntry testId="25620554-343c-9e73-e958-3c11ea51c476" executionId="e4576675-2553-43c9-8a94-25154dd09805" testListId="8c84fa94-04c1-424b-9868-57a2d4851a1d" />
    <TestEntry testId="703010d4-6f76-e574-19ac-e6214636773d" executionId="584cc2ad-adbb-4ef1-beed-00b96b2ce7d6" testListId="8c84fa94-04c1-424b-9868-57a2d4851a1d" />
    <TestEntry testId="5e9c7ffa-aba6-c4a1-be46-e877e551fd8d" executionId="cde458dc-6988-4e72-87a2-35d84545f9c1" testListId="8c84fa94-04c1-424b-9868-57a2d4851a1d" />
    <TestEntry testId="5b05749c-2e12-2ae6-0a43-abcd87407d0b" executionId="e3eac3a4-7d28-4329-9f66-302155501186" testListId="8c84fa94-04c1-424b-9868-57a2d4851a1d" />
    <TestEntry testId="416c781e-2bf0-0cee-cf15-0be00b7adc79" executionId="007b34d3-23bc-4dc9-865b-ed5c915e896a" testListId="8c84fa94-04c1-424b-9868-57a2d4851a1d" />
    <TestEntry testId="132bb2ac-df9d-c459-b417-48a91e50a744" executionId="78b3f1d0-a4ca-4028-af7a-9fd697a06a8c" testListId="8c84fa94-04c1-424b-9868-57a2d4851a1d" />
    <TestEntry testId="083ab0d1-ab4c-e0c8-6964-d0f11a6251d3" executionId="e5aaba74-22c6-4a6c-a1a0-724c0a272016" testListId="8c84fa94-04c1-424b-9868-57a2d4851a1d" />
    <TestEntry testId="c76ec88b-2069-4f42-ebdd-99932f277499" executionId="a9d8ecf4-0548-4841-9484-2cd7a74c1060" testListId="8c84fa94-04c1-424b-9868-57a2d4851a1d" />
    <TestEntry testId="08365228-a10d-5a13-77c8-0368348773fc" executionId="21fce135-e8a6-4098-8b2f-78d47cd31237" testListId="8c84fa94-04c1-424b-9868-57a2d4851a1d" />
    <TestEntry testId="9137e876-60ce-9743-b162-68260de3e5c1" executionId="0415c981-9a91-42b8-8015-9f48dfc54814" testListId="8c84fa94-04c1-424b-9868-57a2d4851a1d" />
    <TestEntry testId="e20d0f11-16fb-fbf9-1085-b767480808bd" executionId="f73733fb-b9df-4760-9553-7b8ad1c2a631" testListId="8c84fa94-04c1-424b-9868-57a2d4851a1d" />
    <TestEntry testId="9da81a93-3499-60fa-993c-2e5de80d45a0" executionId="c8d2ec9f-4d7c-4ad3-ba57-5492ad4404a2" testListId="8c84fa94-04c1-424b-9868-57a2d4851a1d" />
    <TestEntry testId="a13ca9fd-fb85-b45c-e1a5-faf954d8261f" executionId="29d3ff35-0808-4b77-8908-3fe39f38c81e" testListId="8c84fa94-04c1-424b-9868-57a2d4851a1d" />
    <TestEntry testId="364511c1-072c-6cac-6ed9-57b60af2be5e" executionId="ba66af6a-7ecf-4db5-93a5-c428cb34149f" testListId="8c84fa94-04c1-424b-9868-57a2d4851a1d" />
    <TestEntry testId="de9c6b75-7f81-d4b1-0f65-36a9a12eb1ab" executionId="525afeba-2f0c-46a9-bdc8-2e18afb73d1b" testListId="8c84fa94-04c1-424b-9868-57a2d4851a1d" />
    <TestEntry testId="767328c8-7b0b-2c9b-e71e-119743f122d6" executionId="8dd666ee-b96f-447e-8cba-f8ee603aba47" testListId="8c84fa94-04c1-424b-9868-57a2d4851a1d" />
    <TestEntry testId="a7735502-29bf-8bf1-bc41-7a70abb503c1" executionId="18456f43-ae32-4f72-9ee1-6a43dfdd1911" testListId="8c84fa94-04c1-424b-9868-57a2d4851a1d" />
    <TestEntry testId="e6e3567b-4ea9-84b3-800f-1f7f58d7af7a" executionId="d0d7beaf-33b6-4565-b549-72a28e4c9718" testListId="8c84fa94-04c1-424b-9868-57a2d4851a1d" />
  </TestEntries>
  <TestLists>
    <TestList name="Results Not in a List" id="8c84fa94-04c1-424b-9868-57a2d4851a1d" />
    <TestList name="All Loaded Results" id="19431567-8539-422a-85d7-44ee4e166bda" />
  </TestLists>
  <ResultSummary outcome="Completed">
    <Counters total="27" executed="27" passed="27" failed="0" error="0" timeout="0" aborted="0" inconclusive="0" passedButRunAborted="0" notRunnable="0" notExecuted="0" disconnected="0" warning="0" completed="0" inProgress="0" pending="0" />
    <Output>
      <StdOut>CheckGdUnit4ApiVersion gdUnit4Api, Version=4.3.1.0&#xD;
Start executing tests, 53 TestCases total.&#xD;
Current directory set to: C:\Users\radug\Documents\GitHub\Project-Terminal&#xD;
Run with args  --path . res://gdunit4_testadapter/TestAdapterRunner.tscn --testadapter --configfile="C:\Users\radug\Documents\GitHub\Project-Terminal\GdUnitRunner_3eaede99-39b5-4d23-b9cb-09740abaa3f9.cfg" &#xD;
TestEventReportServer:: Wait for connecting GdUnit4 test report client.&#xD;
TestEventReportServer:: TestAdapterReporter: Successfully connected to GdUnit4 test report server!&#xD;
TestEventReportServer:: TestAdapterReporter: Disconnecting from GdUnit4 test report server.&#xD;
Godot ends with exit code: 0&#xD;
Run TestRunner ends with 0&#xD;
</StdOut>
    </Output>
  </ResultSummary>
</TestRun>