<?xml version="1.0" encoding="utf-8"?>
<TestRun id="0b0ac92a-e068-4dfd-960a-ac37522fd2f9" name="radug@PC 2025-03-30 23:59:24" runUser="PC\radug" xmlns="http://microsoft.com/schemas/VisualStudio/TeamTest/2010">
  <Times creation="2025-03-30T23:59:24.1772189+03:00" queuing="2025-03-30T23:59:24.1772190+03:00" start="2025-03-30T23:59:22.1133398+03:00" finish="2025-03-30T23:59:24.2118674+03:00" />
  <TestSettings name="default" id="965a941e-fdc4-4018-ab54-7f630dcc904b">
    <Deployment runDeploymentRoot="radug_PC_2025-03-30_23_59_24" />
  </TestSettings>
  <Results>
    <UnitTestResult executionId="5f3173a2-1006-44f4-9217-5dfa6daf4805" testId="5b05749c-2e12-2ae6-0a43-abcd87407d0b" testName="TestStoreObject_NullObject_Fails" computerName="PC" duration="00:00:00.0150000" startTime="2025-03-30T23:59:23.9798130+03:00" endTime="2025-03-30T23:59:23.9804497+03:00" testType="13cdc9d9-ddb5-4fa4-a97d-d965ccfc6d4b" outcome="Passed" testListId="8c84fa94-04c1-424b-9868-57a2d4851a1d" relativeResultsDirectory="5f3173a2-1006-44f4-9217-5dfa6daf4805" />
  </Results>
  <TestDefinitions>
    <UnitTest name="TestStoreObject_NullObject_Fails" storage="c:\users\radug\documents\github\project-terminal\.godot\mono\temp\bin\debug\projectterminal.dll" id="5b05749c-2e12-2ae6-0a43-abcd87407d0b">
      <Execution id="5f3173a2-1006-44f4-9217-5dfa6daf4805" />
      <TestMethod codeBase="C:\Users\radug\Documents\GitHub\Project-Terminal\.godot\mono\temp\bin\Debug\ProjectTerminal.dll" adapterTypeName="executor://gdunit4.testadapter/" className="ProjectTerminal.Tests.SecureStorageWrapperTest" name="TestStoreObject_NullObject_Fails" />
    </UnitTest>
  </TestDefinitions>
  <TestEntries>
    <TestEntry testId="5b05749c-2e12-2ae6-0a43-abcd87407d0b" executionId="5f3173a2-1006-44f4-9217-5dfa6daf4805" testListId="8c84fa94-04c1-424b-9868-57a2d4851a1d" />
  </TestEntries>
  <TestLists>
    <TestList name="Results Not in a List" id="8c84fa94-04c1-424b-9868-57a2d4851a1d" />
    <TestList name="All Loaded Results" id="19431567-8539-422a-85d7-44ee4e166bda" />
  </TestLists>
  <ResultSummary outcome="Completed">
    <Counters total="1" executed="1" passed="1" failed="0" error="0" timeout="0" aborted="0" inconclusive="0" passedButRunAborted="0" notRunnable="0" notExecuted="0" disconnected="0" warning="0" completed="0" inProgress="0" pending="0" />
    <Output>
      <StdOut>CheckGdUnit4ApiVersion gdUnit4Api, Version=4.3.1.0&#xD;
Start executing tests, 1 TestCases total.&#xD;
Current directory set to: C:\Users\radug\Documents\GitHub\Project-Terminal&#xD;
Run with args  --path . res://gdunit4_testadapter/TestAdapterRunner.tscn --testadapter --configfile="C:\Users\radug\Documents\GitHub\Project-Terminal\GdUnitRunner_8e8d826e-c868-44be-af98-4a05ba54878d.cfg" &#xD;
TestEventReportServer:: Wait for connecting GdUnit4 test report client.&#xD;
TestEventReportServer:: TestAdapterReporter: Successfully connected to GdUnit4 test report server!&#xD;
TestEventReportServer:: TestAdapterReporter: Disconnecting from GdUnit4 test report server.&#xD;
Godot ends with exit code: 0&#xD;
Run TestRunner ends with 0&#xD;
</StdOut>
    </Output>
  </ResultSummary>
</TestRun>