<?xml version="1.0" encoding="utf-8"?>
<TestRun id="656bdd9e-fb4d-4040-8fd0-0d5175db6c43" name="radug@PC 2025-03-29 13:55:19" runUser="PC\radug" xmlns="http://microsoft.com/schemas/VisualStudio/TeamTest/2010">
  <Times creation="2025-03-29T13:55:19.2385458+02:00" queuing="2025-03-29T13:55:19.2385462+02:00" start="2025-03-29T13:55:10.8424454+02:00" finish="2025-03-29T13:55:19.2903796+02:00" />
  <TestSettings name="default" id="3f25d9fb-c1be-4790-8159-42db12de00f0">
    <Deployment runDeploymentRoot="radug_PC_2025-03-29_13_55_19" />
  </TestSettings>
  <Results>
    <UnitTestResult executionId="fc7164ca-0b41-434e-9bc6-e7a8c139b449" testId="a3bcc193-d358-adbe-0fe5-e3d5347c3d63" testName="TestStoreAndRetrieveString" computerName="PC" duration="00:00:00.0180000" startTime="2025-03-29T13:55:19.0400237+02:00" endTime="2025-03-29T13:55:19.0405942+02:00" testType="13cdc9d9-ddb5-4fa4-a97d-d965ccfc6d4b" outcome="Failed" testListId="8c84fa94-04c1-424b-9868-57a2d4851a1d" relativeResultsDirectory="fc7164ca-0b41-434e-9bc6-e7a8c139b449">
      <Output>
        <ErrorInfo>
          <Message>Object reference not set to an instance of an object.</Message>
          <StackTrace>   at SecureStorage.StoreValue(String key, Object value) in C:\Users\radug\Documents\GitHub\Project-Terminal\Globals\SecureStorage.cs:line 156&#xD;
   at SecureStorageTest.TestStoreAndRetrieveString() in C:\Users\radug\Documents\GitHub\Project-Terminal\Tests\TestSecureStorage.cs:line 57&#xD;
   at System.RuntimeMethodHandle.InvokeMethod(Object target, Void** arguments, Signature sig, Boolean isConstructor)&#xD;
   at System.Reflection.MethodBaseInvoker.InvokeWithNoArgs(Object obj, BindingFlags invokeAttr)&#xD;
</StackTrace>
        </ErrorInfo>
      </Output>
    </UnitTestResult>
  </Results>
  <TestDefinitions>
    <UnitTest name="TestStoreAndRetrieveString" storage="c:\users\radug\documents\github\project-terminal\.godot\mono\temp\bin\debug\projectterminal.dll" id="a3bcc193-d358-adbe-0fe5-e3d5347c3d63">
      <Execution id="fc7164ca-0b41-434e-9bc6-e7a8c139b449" />
      <TestMethod codeBase="C:\Users\radug\Documents\GitHub\Project-Terminal\.godot\mono\temp\bin\Debug\ProjectTerminal.dll" adapterTypeName="executor://gdunit4.testadapter/" className="SecureStorageTest" name="TestStoreAndRetrieveString" />
    </UnitTest>
  </TestDefinitions>
  <TestEntries>
    <TestEntry testId="a3bcc193-d358-adbe-0fe5-e3d5347c3d63" executionId="fc7164ca-0b41-434e-9bc6-e7a8c139b449" testListId="8c84fa94-04c1-424b-9868-57a2d4851a1d" />
  </TestEntries>
  <TestLists>
    <TestList name="Results Not in a List" id="8c84fa94-04c1-424b-9868-57a2d4851a1d" />
    <TestList name="All Loaded Results" id="19431567-8539-422a-85d7-44ee4e166bda" />
  </TestLists>
  <ResultSummary outcome="Failed">
    <Counters total="1" executed="1" passed="0" failed="1" error="0" timeout="0" aborted="0" inconclusive="0" passedButRunAborted="0" notRunnable="0" notExecuted="0" disconnected="0" warning="0" completed="0" inProgress="0" pending="0" />
    <Output>
      <StdOut>CheckGdUnit4ApiVersion gdUnit4Api, Version=4.3.1.0&#xD;
Start executing tests, 1 TestCases total.&#xD;
Current directory set to: C:\Users\radug\Documents\GitHub\Project-Terminal&#xD;
Installing GdUnit4 `TestRunner` at C:\Users\radug\Documents\GitHub\Project-Terminal\gdunit4_testadapter...&#xD;
Rebuild ...&#xD;
GdUnit4 `TestRunner` successfully installed: 0&#xD;
Run with args  --path . res://gdunit4_testadapter/TestAdapterRunner.tscn --testadapter --configfile="C:\Users\radug\Documents\GitHub\Project-Terminal\GdUnitRunner_7f88ec18-4f0e-4973-82f6-df927cd396b0.cfg" &#xD;
TestEventReportServer:: Wait for connecting GdUnit4 test report client.&#xD;
TestEventReportServer:: TestAdapterReporter: Successfully connected to GdUnit4 test report server!&#xD;
TestEventReportServer:: TestAdapterReporter: Disconnecting from GdUnit4 test report server.&#xD;
Error: WARNING: 1 RID of type "Canvas" was leaked.&#xD;
Error: at: _free_rids (servers/rendering/renderer_canvas_cull.cpp:2677)&#xD;
Error: ERROR: 2 RID allocations of type 'N5GLES312LightStorage11ShadowAtlasE' were leaked at exit.&#xD;
Error: ERROR: 1 RID allocations of type 'N5GLES315ReflectionAtlasE' were leaked at exit.&#xD;
Error: ERROR: 1 RID allocations of type 'N5GLES312RenderTargetE' were leaked at exit.&#xD;
Error: ERROR: 4 RID allocations of type 'N5GLES37TextureE' were leaked at exit.&#xD;
Error: ERROR: Texture with GL ID of 24: leaked 1364 bytes.&#xD;
Error: at: ~Utilities (drivers/gles3/storage/utilities.cpp:77)&#xD;
Error: ERROR: Texture with GL ID of 25: leaked 1364 bytes.&#xD;
Error: at: ~Utilities (drivers/gles3/storage/utilities.cpp:77)&#xD;
Error: ERROR: 1 RID allocations of type 'N16RendererViewport8ViewportE' were leaked at exit.&#xD;
Error: ERROR: 1 RID allocations of type 'N17RendererSceneCull8ScenarioE' were leaked at exit.&#xD;
Error: WARNING: ObjectDB instances leaked at exit (run with --verbose for details).&#xD;
Error: at: cleanup (core/object/object.cpp:2378)&#xD;
Godot ends with exit code: 100&#xD;
Run TestRunner ends with 100&#xD;
</StdOut>
    </Output>
  </ResultSummary>
</TestRun>