<?xml version="1.0" encoding="utf-8"?>
<TestRun id="7a0756b0-c3eb-45b2-819e-a3e2ba9400b4" name="radug@PC 2025-04-02 17:59:11" runUser="PC\radug" xmlns="http://microsoft.com/schemas/VisualStudio/TeamTest/2010">
  <Times creation="2025-04-02T17:59:11.4320175+03:00" queuing="2025-04-02T17:59:11.4320178+03:00" start="2025-04-02T17:59:09.1172600+03:00" finish="2025-04-02T17:59:11.8869645+03:00" />
  <TestSettings name="default" id="58c80013-ade6-4530-904e-67d9910e146c">
    <Deployment runDeploymentRoot="radug_PC_2025-04-02_17_59_11" />
  </TestSettings>
  <Results>
    <UnitTestResult executionId="86953555-4c90-45e6-ace4-f45128d1784c" testId="364511c1-072c-6cac-6ed9-57b60af2be5e" testName="TestRetrieveValue_NonExistentKey_ReturnsDefault" computerName="PC" duration="00:00:00.0120000" startTime="2025-04-02T17:59:11.5906461+03:00" endTime="2025-04-02T17:59:11.5906481+03:00" testType="13cdc9d9-ddb5-4fa4-a97d-d965ccfc6d4b" outcome="Passed" testListId="8c84fa94-04c1-424b-9868-57a2d4851a1d" relativeResultsDirectory="86953555-4c90-45e6-ace4-f45128d1784c" />
    <UnitTestResult executionId="d63a4b2e-92c4-4ff2-b62a-f0308a764bc3" testId="e20d0f11-16fb-fbf9-1085-b767480808bd" testName="TestRetrieveObject_NonExistentKey_ReturnsDefault" computerName="PC" duration="00:00:00.0030000" startTime="2025-04-02T17:59:11.3989308+03:00" endTime="2025-04-02T17:59:11.3989322+03:00" testType="13cdc9d9-ddb5-4fa4-a97d-d965ccfc6d4b" outcome="Passed" testListId="8c84fa94-04c1-424b-9868-57a2d4851a1d" relativeResultsDirectory="d63a4b2e-92c4-4ff2-b62a-f0308a764bc3" />
    <UnitTestResult executionId="57d1e3d1-8ab9-48d4-a225-715627d62194" testId="5e9c7ffa-aba6-c4a1-be46-e877e551fd8d" testName="TestRetrieveValue_Integer_Success" computerName="PC" duration="00:00:00.0120000" startTime="2025-04-02T17:59:11.5408233+03:00" endTime="2025-04-02T17:59:11.5408247+03:00" testType="13cdc9d9-ddb5-4fa4-a97d-d965ccfc6d4b" outcome="Passed" testListId="8c84fa94-04c1-424b-9868-57a2d4851a1d" relativeResultsDirectory="57d1e3d1-8ab9-48d4-a225-715627d62194" />
    <UnitTestResult executionId="34d1de25-2170-427f-b6ce-022e88ec00c8" testId="416c781e-2bf0-0cee-cf15-0be00b7adc79" testName="TestRetrieveObject_PrimitiveType" computerName="PC" duration="00:00:00.0120000" startTime="2025-04-02T17:59:11.4366315+03:00" endTime="2025-04-02T17:59:11.4366364+03:00" testType="13cdc9d9-ddb5-4fa4-a97d-d965ccfc6d4b" outcome="Passed" testListId="8c84fa94-04c1-424b-9868-57a2d4851a1d" relativeResultsDirectory="34d1de25-2170-427f-b6ce-022e88ec00c8" />
    <UnitTestResult executionId="8df62e8e-757c-4079-8b31-1e5ca88ac281" testId="9ff4496a-9de2-beba-4e4a-207bd69e1682" testName="TestHasKey_ExistingKey_ReturnsTrue" computerName="PC" duration="00:00:00.0080000" startTime="2025-04-02T17:59:11.6531224+03:00" endTime="2025-04-02T17:59:11.6531248+03:00" testType="13cdc9d9-ddb5-4fa4-a97d-d965ccfc6d4b" outcome="Passed" testListId="8c84fa94-04c1-424b-9868-57a2d4851a1d" relativeResultsDirectory="8df62e8e-757c-4079-8b31-1e5ca88ac281" />
    <UnitTestResult executionId="6ba39bea-bec6-4a61-8b87-88812ca442ef" testId="08365228-a10d-5a13-77c8-0368348773fc" testName="TestStoreObject_EmptyKey_Fails" computerName="PC" duration="00:00:00.0030000" startTime="2025-04-02T17:59:11.3615069+03:00" endTime="2025-04-02T17:59:11.3615083+03:00" testType="13cdc9d9-ddb5-4fa4-a97d-d965ccfc6d4b" outcome="Passed" testListId="8c84fa94-04c1-424b-9868-57a2d4851a1d" relativeResultsDirectory="6ba39bea-bec6-4a61-8b87-88812ca442ef" />
    <UnitTestResult executionId="c6d960df-52d1-4fb1-a656-ed2b40c84893" testId="94e1d4cd-a46c-8570-defb-01337ea5bcc1" testName="TestHasKey_NonExistentKey_ReturnsFalse" computerName="PC" duration="00:00:00.0120000" startTime="2025-04-02T17:59:11.6657312+03:00" endTime="2025-04-02T17:59:11.6657363+03:00" testType="13cdc9d9-ddb5-4fa4-a97d-d965ccfc6d4b" outcome="Passed" testListId="8c84fa94-04c1-424b-9868-57a2d4851a1d" relativeResultsDirectory="c6d960df-52d1-4fb1-a656-ed2b40c84893" />
    <UnitTestResult executionId="9815a13a-bf46-40e3-b411-772fc0a01cfe" testId="9da81a93-3499-60fa-993c-2e5de80d45a0" testName="TestRetrieveObject_EmptyJson_ReturnsDefault" computerName="PC" duration="00:00:00.0120000" startTime="2025-04-02T17:59:11.4115286+03:00" endTime="2025-04-02T17:59:11.4115311+03:00" testType="13cdc9d9-ddb5-4fa4-a97d-d965ccfc6d4b" outcome="Passed" testListId="8c84fa94-04c1-424b-9868-57a2d4851a1d" relativeResultsDirectory="9815a13a-bf46-40e3-b411-772fc0a01cfe" />
    <UnitTestResult executionId="718cec95-e126-479a-aaba-2587a241cecf" testId="b1662bf2-fd2f-dcc0-7c49-16aad20a27d7" testName="TestRetrieveValue_String_Success" computerName="PC" duration="00:00:00.0080000" startTime="2025-04-02T17:59:11.5282078+03:00" endTime="2025-04-02T17:59:11.5282093+03:00" testType="13cdc9d9-ddb5-4fa4-a97d-d965ccfc6d4b" outcome="Passed" testListId="8c84fa94-04c1-424b-9868-57a2d4851a1d" relativeResultsDirectory="718cec95-e126-479a-aaba-2587a241cecf" />
    <UnitTestResult executionId="4d3ff0a8-545c-4051-834f-7a65c9bf80d2" testId="e6e3567b-4ea9-84b3-800f-1f7f58d7af7a" testName="TestStoreValue_Double_Success" computerName="PC" duration="00:00:00.0120000" startTime="2025-04-02T17:59:11.4948218+03:00" endTime="2025-04-02T17:59:11.4948256+03:00" testType="13cdc9d9-ddb5-4fa4-a97d-d965ccfc6d4b" outcome="Passed" testListId="8c84fa94-04c1-424b-9868-57a2d4851a1d" relativeResultsDirectory="4d3ff0a8-545c-4051-834f-7a65c9bf80d2" />
    <UnitTestResult executionId="0911949d-f34c-4997-85e3-f96c77ec5e42" testId="a13ca9fd-fb85-b45c-e1a5-faf954d8261f" testName="TestRetrieveValue_Float_Success" computerName="PC" duration="00:00:00.0080000" startTime="2025-04-02T17:59:11.5614330+03:00" endTime="2025-04-02T17:59:11.5614346+03:00" testType="13cdc9d9-ddb5-4fa4-a97d-d965ccfc6d4b" outcome="Passed" testListId="8c84fa94-04c1-424b-9868-57a2d4851a1d" relativeResultsDirectory="0911949d-f34c-4997-85e3-f96c77ec5e42" />
    <UnitTestResult executionId="433d9d99-8046-4245-bf9a-6689cb6f9fdb" testId="25620554-343c-9e73-e958-3c11ea51c476" testName="TestStoreValue_Integer_Success" computerName="PC" duration="00:00:00.0120000" startTime="2025-04-02T17:59:11.4573183+03:00" endTime="2025-04-02T17:59:11.4573202+03:00" testType="13cdc9d9-ddb5-4fa4-a97d-d965ccfc6d4b" outcome="Passed" testListId="8c84fa94-04c1-424b-9868-57a2d4851a1d" relativeResultsDirectory="433d9d99-8046-4245-bf9a-6689cb6f9fdb" />
    <UnitTestResult executionId="e1068fbc-f2c2-4754-a325-a481b1fd8878" testId="cad80f10-1148-a7e9-f872-ce25d1cc572c" testName="TestStoreObject_GenericObject_Success" computerName="PC" duration="00:00:00.0210000" startTime="2025-04-02T17:59:11.3471196+03:00" endTime="2025-04-02T17:59:11.3478840+03:00" testType="13cdc9d9-ddb5-4fa4-a97d-d965ccfc6d4b" outcome="Passed" testListId="8c84fa94-04c1-424b-9868-57a2d4851a1d" relativeResultsDirectory="e1068fbc-f2c2-4754-a325-a481b1fd8878" />
    <UnitTestResult executionId="a366cd75-0170-40d0-a989-69d41bd8c977" testId="703010d4-6f76-e574-19ac-e6214636773d" testName="TestStoreValue_String_Success" computerName="PC" duration="00:00:00.0080000" startTime="2025-04-02T17:59:11.4448804+03:00" endTime="2025-04-02T17:59:11.4448844+03:00" testType="13cdc9d9-ddb5-4fa4-a97d-d965ccfc6d4b" outcome="Passed" testListId="8c84fa94-04c1-424b-9868-57a2d4851a1d" relativeResultsDirectory="a366cd75-0170-40d0-a989-69d41bd8c977" />
    <UnitTestResult executionId="33a7e6ae-0447-4163-b773-949938e45ca6" testId="1408b17d-44cd-7cdd-0f93-139b005d5654" testName="TestStoreObject_NullKey_Fails" computerName="PC" duration="00:00:00.0100000" startTime="2025-04-02T17:59:11.3574974+03:00" endTime="2025-04-02T17:59:11.3575024+03:00" testType="13cdc9d9-ddb5-4fa4-a97d-d965ccfc6d4b" outcome="Passed" testListId="8c84fa94-04c1-424b-9868-57a2d4851a1d" relativeResultsDirectory="33a7e6ae-0447-4163-b773-949938e45ca6" />
    <UnitTestResult executionId="5dfbbcb7-6811-4e13-aac0-20d18bc613d8" testId="622b5d4a-6169-9179-a1ed-d76bd2fc0dac" testName="TestRetrieveValue_EmptyContent_ReturnsDefault" computerName="PC" duration="00:00:00.0120000" startTime="2025-04-02T17:59:11.6032958+03:00" endTime="2025-04-02T17:59:11.6033010+03:00" testType="13cdc9d9-ddb5-4fa4-a97d-d965ccfc6d4b" outcome="Passed" testListId="8c84fa94-04c1-424b-9868-57a2d4851a1d" relativeResultsDirectory="5dfbbcb7-6811-4e13-aac0-20d18bc613d8" />
    <UnitTestResult executionId="ab50f84a-2074-4256-a779-92b4f1bb4183" testId="9d9a9131-147f-3bdf-3c5a-dacdad0bd4af" testName="TestRetrieveValue_DateTime_Success" computerName="PC" duration="00:00:00.0080000" startTime="2025-04-02T17:59:11.5782048+03:00" endTime="2025-04-02T17:59:11.5782105+03:00" testType="13cdc9d9-ddb5-4fa4-a97d-d965ccfc6d4b" outcome="Passed" testListId="8c84fa94-04c1-424b-9868-57a2d4851a1d" relativeResultsDirectory="ab50f84a-2074-4256-a779-92b4f1bb4183" />
    <UnitTestResult executionId="a264c2fd-d847-455f-9174-981c193cba70" testId="132bb2ac-df9d-c459-b417-48a91e50a744" testName="TestStoreValue_Float_Success" computerName="PC" duration="00:00:00.0120000" startTime="2025-04-02T17:59:11.4823473+03:00" endTime="2025-04-02T17:59:11.4823524+03:00" testType="13cdc9d9-ddb5-4fa4-a97d-d965ccfc6d4b" outcome="Passed" testListId="8c84fa94-04c1-424b-9868-57a2d4851a1d" relativeResultsDirectory="a264c2fd-d847-455f-9174-981c193cba70" />
    <UnitTestResult executionId="a9d7fe08-db64-4a4d-84fb-a1d9f1abb1c6" testId="b55fba28-be77-b8f9-e5bc-7ff849cca3c9" testName="TestClearValue_NonExistentKey_ReturnsTrue" computerName="PC" duration="00:00:00.0080000" startTime="2025-04-02T17:59:11.6449302+03:00" endTime="2025-04-02T17:59:11.6449320+03:00" testType="13cdc9d9-ddb5-4fa4-a97d-d965ccfc6d4b" outcome="Passed" testListId="8c84fa94-04c1-424b-9868-57a2d4851a1d" relativeResultsDirectory="a9d7fe08-db64-4a4d-84fb-a1d9f1abb1c6" />
    <UnitTestResult executionId="1c84cb67-6636-40b1-9488-fc3db81f914a" testId="083ab0d1-ab4c-e0c8-6964-d0f11a6251d3" testName="TestRetrieveObject_ComplexObject" computerName="PC" duration="00:00:00.0120000" startTime="2025-04-02T17:59:11.3951110+03:00" endTime="2025-04-02T17:59:11.3951157+03:00" testType="13cdc9d9-ddb5-4fa4-a97d-d965ccfc6d4b" outcome="Passed" testListId="8c84fa94-04c1-424b-9868-57a2d4851a1d" relativeResultsDirectory="1c84cb67-6636-40b1-9488-fc3db81f914a" />
    <UnitTestResult executionId="96558996-87cb-4791-865b-ab3e312c77d7" testId="53fcba13-8bb6-3db6-395d-29a216e9f866" testName="TestStoreValue_DateTime_Success" computerName="PC" duration="00:00:00.0120000" startTime="2025-04-02T17:59:11.5073277+03:00" endTime="2025-04-02T17:59:11.5073308+03:00" testType="13cdc9d9-ddb5-4fa4-a97d-d965ccfc6d4b" outcome="Passed" testListId="8c84fa94-04c1-424b-9868-57a2d4851a1d" relativeResultsDirectory="96558996-87cb-4791-865b-ab3e312c77d7" />
    <UnitTestResult executionId="97054d61-5767-477f-acec-683e34bcdc16" testId="1e2a9bf8-70a2-2e1a-33b0-559ff36d2f41" testName="TestRetrieveValue_Double_Success" computerName="PC" duration="00:00:00.0080000" startTime="2025-04-02T17:59:11.5698120+03:00" endTime="2025-04-02T17:59:11.5698139+03:00" testType="13cdc9d9-ddb5-4fa4-a97d-d965ccfc6d4b" outcome="Passed" testListId="8c84fa94-04c1-424b-9868-57a2d4851a1d" relativeResultsDirectory="97054d61-5767-477f-acec-683e34bcdc16" />
    <UnitTestResult executionId="5ed06076-3b36-4d7a-89a6-6fbeb42cea4a" testId="cab51616-cf6c-1a70-ff7e-0ae1e5a3be2e" testName="TestStoreValue_Boolean_Success" computerName="PC" duration="00:00:00.0120000" startTime="2025-04-02T17:59:11.4697654+03:00" endTime="2025-04-02T17:59:11.4697668+03:00" testType="13cdc9d9-ddb5-4fa4-a97d-d965ccfc6d4b" outcome="Passed" testListId="8c84fa94-04c1-424b-9868-57a2d4851a1d" relativeResultsDirectory="5ed06076-3b36-4d7a-89a6-6fbeb42cea4a" />
    <UnitTestResult executionId="82f54bde-d5ef-4db4-b80e-9fa101236ff6" testId="c76ec88b-2069-4f42-ebdd-99932f277499" testName="TestStoreValue_NullValue_CallsClearValue" computerName="PC" duration="00:00:00.0120000" startTime="2025-04-02T17:59:11.5198688+03:00" endTime="2025-04-02T17:59:11.5198708+03:00" testType="13cdc9d9-ddb5-4fa4-a97d-d965ccfc6d4b" outcome="Passed" testListId="8c84fa94-04c1-424b-9868-57a2d4851a1d" relativeResultsDirectory="82f54bde-d5ef-4db4-b80e-9fa101236ff6" />
    <UnitTestResult executionId="b2484ffe-bab2-494d-b528-efe9930eda69" testId="a7735502-29bf-8bf1-bc41-7a70abb503c1" testName="TestRetrieveValue_Boolean_Success" computerName="PC" duration="00:00:00.0120000" startTime="2025-04-02T17:59:11.5531545+03:00" endTime="2025-04-02T17:59:11.5531563+03:00" testType="13cdc9d9-ddb5-4fa4-a97d-d965ccfc6d4b" outcome="Passed" testListId="8c84fa94-04c1-424b-9868-57a2d4851a1d" relativeResultsDirectory="b2484ffe-bab2-494d-b528-efe9930eda69" />
    <UnitTestResult executionId="a75bdbc4-df45-4937-a4f7-798def3f324a" testId="de9c6b75-7f81-d4b1-0f65-36a9a12eb1ab" testName="TestRetrieveObject_Success" computerName="PC" duration="00:00:00.0120000" startTime="2025-04-02T17:59:11.3822966+03:00" endTime="2025-04-02T17:59:11.3822986+03:00" testType="13cdc9d9-ddb5-4fa4-a97d-d965ccfc6d4b" outcome="Passed" testListId="8c84fa94-04c1-424b-9868-57a2d4851a1d" relativeResultsDirectory="a75bdbc4-df45-4937-a4f7-798def3f324a" />
    <UnitTestResult executionId="7f37c2f6-242a-4afc-b7f3-d318b68cdd21" testId="8fcc4fa9-3290-ad18-da96-e44dea776a4f" testName="TestClearValue_ExistingKey_Success" computerName="PC" duration="00:00:00.0080000" startTime="2025-04-02T17:59:11.6365784+03:00" endTime="2025-04-02T17:59:11.6365798+03:00" testType="13cdc9d9-ddb5-4fa4-a97d-d965ccfc6d4b" outcome="Passed" testListId="8c84fa94-04c1-424b-9868-57a2d4851a1d" relativeResultsDirectory="7f37c2f6-242a-4afc-b7f3-d318b68cdd21" />
    <UnitTestResult executionId="a700d23f-e13c-4654-af20-f3087e13aa1a" testId="5b05749c-2e12-2ae6-0a43-abcd87407d0b" testName="TestStoreObject_NullObject_Fails" computerName="PC" duration="00:00:00.0080000" startTime="2025-04-02T17:59:11.3697437+03:00" endTime="2025-04-02T17:59:11.3697456+03:00" testType="13cdc9d9-ddb5-4fa4-a97d-d965ccfc6d4b" outcome="Passed" testListId="8c84fa94-04c1-424b-9868-57a2d4851a1d" relativeResultsDirectory="a700d23f-e13c-4654-af20-f3087e13aa1a" />
    <UnitTestResult executionId="23975c3c-49d1-4b2b-a612-fd0332652a8f" testId="0a771bbc-848e-c14c-2795-133759d3b56d" testName="TestRetrieveObject_InvalidJson_ReturnsDefault" computerName="PC" duration="00:00:00.0120000" startTime="2025-04-02T17:59:11.4239842+03:00" endTime="2025-04-02T17:59:11.4239889+03:00" testType="13cdc9d9-ddb5-4fa4-a97d-d965ccfc6d4b" outcome="Passed" testListId="8c84fa94-04c1-424b-9868-57a2d4851a1d" relativeResultsDirectory="23975c3c-49d1-4b2b-a612-fd0332652a8f" />
    <UnitTestResult executionId="f4bbeabf-f4e9-4a23-8959-7b5f09cf6765" testId="9137e876-60ce-9743-b162-68260de3e5c1" testName="TestRetrieveValue_TypeMismatch_ReturnsDefault" computerName="PC" duration="00:00:00.0120000" startTime="2025-04-02T17:59:11.6281195+03:00" endTime="2025-04-02T17:59:11.6281220+03:00" testType="13cdc9d9-ddb5-4fa4-a97d-d965ccfc6d4b" outcome="Passed" testListId="8c84fa94-04c1-424b-9868-57a2d4851a1d" relativeResultsDirectory="f4bbeabf-f4e9-4a23-8959-7b5f09cf6765" />
    <UnitTestResult executionId="b9fb23ba-6baf-49d2-9034-8588a219758d" testId="767328c8-7b0b-2c9b-e71e-119743f122d6" testName="TestRetrieveValue_InvalidFormat_ReturnsDefault" computerName="PC" duration="00:00:00.0120000" startTime="2025-04-02T17:59:11.6156365+03:00" endTime="2025-04-02T17:59:11.6156386+03:00" testType="13cdc9d9-ddb5-4fa4-a97d-d965ccfc6d4b" outcome="Passed" testListId="8c84fa94-04c1-424b-9868-57a2d4851a1d" relativeResultsDirectory="b9fb23ba-6baf-49d2-9034-8588a219758d" />
  </Results>
  <TestDefinitions>
    <UnitTest name="TestRetrieveValue_NonExistentKey_ReturnsDefault" storage="c:\users\radug\documents\github\project-terminal\.godot\mono\temp\bin\debug\projectterminal.dll" id="364511c1-072c-6cac-6ed9-57b60af2be5e">
      <Execution id="86953555-4c90-45e6-ace4-f45128d1784c" />
      <TestMethod codeBase="C:\Users\radug\Documents\GitHub\Project-Terminal\.godot\mono\temp\bin\Debug\ProjectTerminal.dll" adapterTypeName="executor://gdunit4.testadapter/" className="ProjectTerminal.Tests.SecureStorageWrapperTest" name="TestRetrieveValue_NonExistentKey_ReturnsDefault" />
    </UnitTest>
    <UnitTest name="TestRetrieveObject_InvalidJson_ReturnsDefault" storage="c:\users\radug\documents\github\project-terminal\.godot\mono\temp\bin\debug\projectterminal.dll" id="0a771bbc-848e-c14c-2795-133759d3b56d">
      <Execution id="23975c3c-49d1-4b2b-a612-fd0332652a8f" />
      <TestMethod codeBase="C:\Users\radug\Documents\GitHub\Project-Terminal\.godot\mono\temp\bin\Debug\ProjectTerminal.dll" adapterTypeName="executor://gdunit4.testadapter/" className="ProjectTerminal.Tests.SecureStorageWrapperTest" name="TestRetrieveObject_InvalidJson_ReturnsDefault" />
    </UnitTest>
    <UnitTest name="TestRetrieveValue_Float_Success" storage="c:\users\radug\documents\github\project-terminal\.godot\mono\temp\bin\debug\projectterminal.dll" id="a13ca9fd-fb85-b45c-e1a5-faf954d8261f">
      <Execution id="0911949d-f34c-4997-85e3-f96c77ec5e42" />
      <TestMethod codeBase="C:\Users\radug\Documents\GitHub\Project-Terminal\.godot\mono\temp\bin\Debug\ProjectTerminal.dll" adapterTypeName="executor://gdunit4.testadapter/" className="ProjectTerminal.Tests.SecureStorageWrapperTest" name="TestRetrieveValue_Float_Success" />
    </UnitTest>
    <UnitTest name="TestHasKey_ExistingKey_ReturnsTrue" storage="c:\users\radug\documents\github\project-terminal\.godot\mono\temp\bin\debug\projectterminal.dll" id="9ff4496a-9de2-beba-4e4a-207bd69e1682">
      <Execution id="8df62e8e-757c-4079-8b31-1e5ca88ac281" />
      <TestMethod codeBase="C:\Users\radug\Documents\GitHub\Project-Terminal\.godot\mono\temp\bin\Debug\ProjectTerminal.dll" adapterTypeName="executor://gdunit4.testadapter/" className="ProjectTerminal.Tests.SecureStorageWrapperTest" name="TestHasKey_ExistingKey_ReturnsTrue" />
    </UnitTest>
    <UnitTest name="TestRetrieveObject_EmptyJson_ReturnsDefault" storage="c:\users\radug\documents\github\project-terminal\.godot\mono\temp\bin\debug\projectterminal.dll" id="9da81a93-3499-60fa-993c-2e5de80d45a0">
      <Execution id="9815a13a-bf46-40e3-b411-772fc0a01cfe" />
      <TestMethod codeBase="C:\Users\radug\Documents\GitHub\Project-Terminal\.godot\mono\temp\bin\Debug\ProjectTerminal.dll" adapterTypeName="executor://gdunit4.testadapter/" className="ProjectTerminal.Tests.SecureStorageWrapperTest" name="TestRetrieveObject_EmptyJson_ReturnsDefault" />
    </UnitTest>
    <UnitTest name="TestRetrieveValue_DateTime_Success" storage="c:\users\radug\documents\github\project-terminal\.godot\mono\temp\bin\debug\projectterminal.dll" id="9d9a9131-147f-3bdf-3c5a-dacdad0bd4af">
      <Execution id="ab50f84a-2074-4256-a779-92b4f1bb4183" />
      <TestMethod codeBase="C:\Users\radug\Documents\GitHub\Project-Terminal\.godot\mono\temp\bin\Debug\ProjectTerminal.dll" adapterTypeName="executor://gdunit4.testadapter/" className="ProjectTerminal.Tests.SecureStorageWrapperTest" name="TestRetrieveValue_DateTime_Success" />
    </UnitTest>
    <UnitTest name="TestStoreObject_NullKey_Fails" storage="c:\users\radug\documents\github\project-terminal\.godot\mono\temp\bin\debug\projectterminal.dll" id="1408b17d-44cd-7cdd-0f93-139b005d5654">
      <Execution id="33a7e6ae-0447-4163-b773-949938e45ca6" />
      <TestMethod codeBase="C:\Users\radug\Documents\GitHub\Project-Terminal\.godot\mono\temp\bin\Debug\ProjectTerminal.dll" adapterTypeName="executor://gdunit4.testadapter/" className="ProjectTerminal.Tests.SecureStorageWrapperTest" name="TestStoreObject_NullKey_Fails" />
    </UnitTest>
    <UnitTest name="TestRetrieveObject_PrimitiveType" storage="c:\users\radug\documents\github\project-terminal\.godot\mono\temp\bin\debug\projectterminal.dll" id="416c781e-2bf0-0cee-cf15-0be00b7adc79">
      <Execution id="34d1de25-2170-427f-b6ce-022e88ec00c8" />
      <TestMethod codeBase="C:\Users\radug\Documents\GitHub\Project-Terminal\.godot\mono\temp\bin\Debug\ProjectTerminal.dll" adapterTypeName="executor://gdunit4.testadapter/" className="ProjectTerminal.Tests.SecureStorageWrapperTest" name="TestRetrieveObject_PrimitiveType" />
    </UnitTest>
    <UnitTest name="TestStoreValue_String_Success" storage="c:\users\radug\documents\github\project-terminal\.godot\mono\temp\bin\debug\projectterminal.dll" id="703010d4-6f76-e574-19ac-e6214636773d">
      <Execution id="a366cd75-0170-40d0-a989-69d41bd8c977" />
      <TestMethod codeBase="C:\Users\radug\Documents\GitHub\Project-Terminal\.godot\mono\temp\bin\Debug\ProjectTerminal.dll" adapterTypeName="executor://gdunit4.testadapter/" className="ProjectTerminal.Tests.SecureStorageWrapperTest" name="TestStoreValue_String_Success" />
    </UnitTest>
    <UnitTest name="TestStoreObject_NullObject_Fails" storage="c:\users\radug\documents\github\project-terminal\.godot\mono\temp\bin\debug\projectterminal.dll" id="5b05749c-2e12-2ae6-0a43-abcd87407d0b">
      <Execution id="a700d23f-e13c-4654-af20-f3087e13aa1a" />
      <TestMethod codeBase="C:\Users\radug\Documents\GitHub\Project-Terminal\.godot\mono\temp\bin\Debug\ProjectTerminal.dll" adapterTypeName="executor://gdunit4.testadapter/" className="ProjectTerminal.Tests.SecureStorageWrapperTest" name="TestStoreObject_NullObject_Fails" />
    </UnitTest>
    <UnitTest name="TestHasKey_NonExistentKey_ReturnsFalse" storage="c:\users\radug\documents\github\project-terminal\.godot\mono\temp\bin\debug\projectterminal.dll" id="94e1d4cd-a46c-8570-defb-01337ea5bcc1">
      <Execution id="c6d960df-52d1-4fb1-a656-ed2b40c84893" />
      <TestMethod codeBase="C:\Users\radug\Documents\GitHub\Project-Terminal\.godot\mono\temp\bin\Debug\ProjectTerminal.dll" adapterTypeName="executor://gdunit4.testadapter/" className="ProjectTerminal.Tests.SecureStorageWrapperTest" name="TestHasKey_NonExistentKey_ReturnsFalse" />
    </UnitTest>
    <UnitTest name="TestRetrieveValue_Double_Success" storage="c:\users\radug\documents\github\project-terminal\.godot\mono\temp\bin\debug\projectterminal.dll" id="1e2a9bf8-70a2-2e1a-33b0-559ff36d2f41">
      <Execution id="97054d61-5767-477f-acec-683e34bcdc16" />
      <TestMethod codeBase="C:\Users\radug\Documents\GitHub\Project-Terminal\.godot\mono\temp\bin\Debug\ProjectTerminal.dll" adapterTypeName="executor://gdunit4.testadapter/" className="ProjectTerminal.Tests.SecureStorageWrapperTest" name="TestRetrieveValue_Double_Success" />
    </UnitTest>
    <UnitTest name="TestStoreObject_EmptyKey_Fails" storage="c:\users\radug\documents\github\project-terminal\.godot\mono\temp\bin\debug\projectterminal.dll" id="08365228-a10d-5a13-77c8-0368348773fc">
      <Execution id="6ba39bea-bec6-4a61-8b87-88812ca442ef" />
      <TestMethod codeBase="C:\Users\radug\Documents\GitHub\Project-Terminal\.godot\mono\temp\bin\Debug\ProjectTerminal.dll" adapterTypeName="executor://gdunit4.testadapter/" className="ProjectTerminal.Tests.SecureStorageWrapperTest" name="TestStoreObject_EmptyKey_Fails" />
    </UnitTest>
    <UnitTest name="TestStoreObject_GenericObject_Success" storage="c:\users\radug\documents\github\project-terminal\.godot\mono\temp\bin\debug\projectterminal.dll" id="cad80f10-1148-a7e9-f872-ce25d1cc572c">
      <Execution id="e1068fbc-f2c2-4754-a325-a481b1fd8878" />
      <TestMethod codeBase="C:\Users\radug\Documents\GitHub\Project-Terminal\.godot\mono\temp\bin\Debug\ProjectTerminal.dll" adapterTypeName="executor://gdunit4.testadapter/" className="ProjectTerminal.Tests.SecureStorageWrapperTest" name="TestStoreObject_GenericObject_Success" />
    </UnitTest>
    <UnitTest name="TestRetrieveValue_Boolean_Success" storage="c:\users\radug\documents\github\project-terminal\.godot\mono\temp\bin\debug\projectterminal.dll" id="a7735502-29bf-8bf1-bc41-7a70abb503c1">
      <Execution id="b2484ffe-bab2-494d-b528-efe9930eda69" />
      <TestMethod codeBase="C:\Users\radug\Documents\GitHub\Project-Terminal\.godot\mono\temp\bin\Debug\ProjectTerminal.dll" adapterTypeName="executor://gdunit4.testadapter/" className="ProjectTerminal.Tests.SecureStorageWrapperTest" name="TestRetrieveValue_Boolean_Success" />
    </UnitTest>
    <UnitTest name="TestStoreValue_NullValue_CallsClearValue" storage="c:\users\radug\documents\github\project-terminal\.godot\mono\temp\bin\debug\projectterminal.dll" id="c76ec88b-2069-4f42-ebdd-99932f277499">
      <Execution id="82f54bde-d5ef-4db4-b80e-9fa101236ff6" />
      <TestMethod codeBase="C:\Users\radug\Documents\GitHub\Project-Terminal\.godot\mono\temp\bin\Debug\ProjectTerminal.dll" adapterTypeName="executor://gdunit4.testadapter/" className="ProjectTerminal.Tests.SecureStorageWrapperTest" name="TestStoreValue_NullValue_CallsClearValue" />
    </UnitTest>
    <UnitTest name="TestRetrieveObject_NonExistentKey_ReturnsDefault" storage="c:\users\radug\documents\github\project-terminal\.godot\mono\temp\bin\debug\projectterminal.dll" id="e20d0f11-16fb-fbf9-1085-b767480808bd">
      <Execution id="d63a4b2e-92c4-4ff2-b62a-f0308a764bc3" />
      <TestMethod codeBase="C:\Users\radug\Documents\GitHub\Project-Terminal\.godot\mono\temp\bin\Debug\ProjectTerminal.dll" adapterTypeName="executor://gdunit4.testadapter/" className="ProjectTerminal.Tests.SecureStorageWrapperTest" name="TestRetrieveObject_NonExistentKey_ReturnsDefault" />
    </UnitTest>
    <UnitTest name="TestStoreValue_DateTime_Success" storage="c:\users\radug\documents\github\project-terminal\.godot\mono\temp\bin\debug\projectterminal.dll" id="53fcba13-8bb6-3db6-395d-29a216e9f866">
      <Execution id="96558996-87cb-4791-865b-ab3e312c77d7" />
      <TestMethod codeBase="C:\Users\radug\Documents\GitHub\Project-Terminal\.godot\mono\temp\bin\Debug\ProjectTerminal.dll" adapterTypeName="executor://gdunit4.testadapter/" className="ProjectTerminal.Tests.SecureStorageWrapperTest" name="TestStoreValue_DateTime_Success" />
    </UnitTest>
    <UnitTest name="TestRetrieveObject_ComplexObject" storage="c:\users\radug\documents\github\project-terminal\.godot\mono\temp\bin\debug\projectterminal.dll" id="083ab0d1-ab4c-e0c8-6964-d0f11a6251d3">
      <Execution id="1c84cb67-6636-40b1-9488-fc3db81f914a" />
      <TestMethod codeBase="C:\Users\radug\Documents\GitHub\Project-Terminal\.godot\mono\temp\bin\Debug\ProjectTerminal.dll" adapterTypeName="executor://gdunit4.testadapter/" className="ProjectTerminal.Tests.SecureStorageWrapperTest" name="TestRetrieveObject_ComplexObject" />
    </UnitTest>
    <UnitTest name="TestStoreValue_Double_Success" storage="c:\users\radug\documents\github\project-terminal\.godot\mono\temp\bin\debug\projectterminal.dll" id="e6e3567b-4ea9-84b3-800f-1f7f58d7af7a">
      <Execution id="4d3ff0a8-545c-4051-834f-7a65c9bf80d2" />
      <TestMethod codeBase="C:\Users\radug\Documents\GitHub\Project-Terminal\.godot\mono\temp\bin\Debug\ProjectTerminal.dll" adapterTypeName="executor://gdunit4.testadapter/" className="ProjectTerminal.Tests.SecureStorageWrapperTest" name="TestStoreValue_Double_Success" />
    </UnitTest>
    <UnitTest name="TestRetrieveValue_TypeMismatch_ReturnsDefault" storage="c:\users\radug\documents\github\project-terminal\.godot\mono\temp\bin\debug\projectterminal.dll" id="9137e876-60ce-9743-b162-68260de3e5c1">
      <Execution id="f4bbeabf-f4e9-4a23-8959-7b5f09cf6765" />
      <TestMethod codeBase="C:\Users\radug\Documents\GitHub\Project-Terminal\.godot\mono\temp\bin\Debug\ProjectTerminal.dll" adapterTypeName="executor://gdunit4.testadapter/" className="ProjectTerminal.Tests.SecureStorageWrapperTest" name="TestRetrieveValue_TypeMismatch_ReturnsDefault" />
    </UnitTest>
    <UnitTest name="TestRetrieveValue_EmptyContent_ReturnsDefault" storage="c:\users\radug\documents\github\project-terminal\.godot\mono\temp\bin\debug\projectterminal.dll" id="622b5d4a-6169-9179-a1ed-d76bd2fc0dac">
      <Execution id="5dfbbcb7-6811-4e13-aac0-20d18bc613d8" />
      <TestMethod codeBase="C:\Users\radug\Documents\GitHub\Project-Terminal\.godot\mono\temp\bin\Debug\ProjectTerminal.dll" adapterTypeName="executor://gdunit4.testadapter/" className="ProjectTerminal.Tests.SecureStorageWrapperTest" name="TestRetrieveValue_EmptyContent_ReturnsDefault" />
    </UnitTest>
    <UnitTest name="TestStoreValue_Float_Success" storage="c:\users\radug\documents\github\project-terminal\.godot\mono\temp\bin\debug\projectterminal.dll" id="132bb2ac-df9d-c459-b417-48a91e50a744">
      <Execution id="a264c2fd-d847-455f-9174-981c193cba70" />
      <TestMethod codeBase="C:\Users\radug\Documents\GitHub\Project-Terminal\.godot\mono\temp\bin\Debug\ProjectTerminal.dll" adapterTypeName="executor://gdunit4.testadapter/" className="ProjectTerminal.Tests.SecureStorageWrapperTest" name="TestStoreValue_Float_Success" />
    </UnitTest>
    <UnitTest name="TestStoreValue_Boolean_Success" storage="c:\users\radug\documents\github\project-terminal\.godot\mono\temp\bin\debug\projectterminal.dll" id="cab51616-cf6c-1a70-ff7e-0ae1e5a3be2e">
      <Execution id="5ed06076-3b36-4d7a-89a6-6fbeb42cea4a" />
      <TestMethod codeBase="C:\Users\radug\Documents\GitHub\Project-Terminal\.godot\mono\temp\bin\Debug\ProjectTerminal.dll" adapterTypeName="executor://gdunit4.testadapter/" className="ProjectTerminal.Tests.SecureStorageWrapperTest" name="TestStoreValue_Boolean_Success" />
    </UnitTest>
    <UnitTest name="TestClearValue_ExistingKey_Success" storage="c:\users\radug\documents\github\project-terminal\.godot\mono\temp\bin\debug\projectterminal.dll" id="8fcc4fa9-3290-ad18-da96-e44dea776a4f">
      <Execution id="7f37c2f6-242a-4afc-b7f3-d318b68cdd21" />
      <TestMethod codeBase="C:\Users\radug\Documents\GitHub\Project-Terminal\.godot\mono\temp\bin\Debug\ProjectTerminal.dll" adapterTypeName="executor://gdunit4.testadapter/" className="ProjectTerminal.Tests.SecureStorageWrapperTest" name="TestClearValue_ExistingKey_Success" />
    </UnitTest>
    <UnitTest name="TestRetrieveValue_Integer_Success" storage="c:\users\radug\documents\github\project-terminal\.godot\mono\temp\bin\debug\projectterminal.dll" id="5e9c7ffa-aba6-c4a1-be46-e877e551fd8d">
      <Execution id="57d1e3d1-8ab9-48d4-a225-715627d62194" />
      <TestMethod codeBase="C:\Users\radug\Documents\GitHub\Project-Terminal\.godot\mono\temp\bin\Debug\ProjectTerminal.dll" adapterTypeName="executor://gdunit4.testadapter/" className="ProjectTerminal.Tests.SecureStorageWrapperTest" name="TestRetrieveValue_Integer_Success" />
    </UnitTest>
    <UnitTest name="TestRetrieveObject_Success" storage="c:\users\radug\documents\github\project-terminal\.godot\mono\temp\bin\debug\projectterminal.dll" id="de9c6b75-7f81-d4b1-0f65-36a9a12eb1ab">
      <Execution id="a75bdbc4-df45-4937-a4f7-798def3f324a" />
      <TestMethod codeBase="C:\Users\radug\Documents\GitHub\Project-Terminal\.godot\mono\temp\bin\Debug\ProjectTerminal.dll" adapterTypeName="executor://gdunit4.testadapter/" className="ProjectTerminal.Tests.SecureStorageWrapperTest" name="TestRetrieveObject_Success" />
    </UnitTest>
    <UnitTest name="TestRetrieveValue_InvalidFormat_ReturnsDefault" storage="c:\users\radug\documents\github\project-terminal\.godot\mono\temp\bin\debug\projectterminal.dll" id="767328c8-7b0b-2c9b-e71e-119743f122d6">
      <Execution id="b9fb23ba-6baf-49d2-9034-8588a219758d" />
      <TestMethod codeBase="C:\Users\radug\Documents\GitHub\Project-Terminal\.godot\mono\temp\bin\Debug\ProjectTerminal.dll" adapterTypeName="executor://gdunit4.testadapter/" className="ProjectTerminal.Tests.SecureStorageWrapperTest" name="TestRetrieveValue_InvalidFormat_ReturnsDefault" />
    </UnitTest>
    <UnitTest name="TestRetrieveValue_String_Success" storage="c:\users\radug\documents\github\project-terminal\.godot\mono\temp\bin\debug\projectterminal.dll" id="b1662bf2-fd2f-dcc0-7c49-16aad20a27d7">
      <Execution id="718cec95-e126-479a-aaba-2587a241cecf" />
      <TestMethod codeBase="C:\Users\radug\Documents\GitHub\Project-Terminal\.godot\mono\temp\bin\Debug\ProjectTerminal.dll" adapterTypeName="executor://gdunit4.testadapter/" className="ProjectTerminal.Tests.SecureStorageWrapperTest" name="TestRetrieveValue_String_Success" />
    </UnitTest>
    <UnitTest name="TestStoreValue_Integer_Success" storage="c:\users\radug\documents\github\project-terminal\.godot\mono\temp\bin\debug\projectterminal.dll" id="25620554-343c-9e73-e958-3c11ea51c476">
      <Execution id="433d9d99-8046-4245-bf9a-6689cb6f9fdb" />
      <TestMethod codeBase="C:\Users\radug\Documents\GitHub\Project-Terminal\.godot\mono\temp\bin\Debug\ProjectTerminal.dll" adapterTypeName="executor://gdunit4.testadapter/" className="ProjectTerminal.Tests.SecureStorageWrapperTest" name="TestStoreValue_Integer_Success" />
    </UnitTest>
    <UnitTest name="TestClearValue_NonExistentKey_ReturnsTrue" storage="c:\users\radug\documents\github\project-terminal\.godot\mono\temp\bin\debug\projectterminal.dll" id="b55fba28-be77-b8f9-e5bc-7ff849cca3c9">
      <Execution id="a9d7fe08-db64-4a4d-84fb-a1d9f1abb1c6" />
      <TestMethod codeBase="C:\Users\radug\Documents\GitHub\Project-Terminal\.godot\mono\temp\bin\Debug\ProjectTerminal.dll" adapterTypeName="executor://gdunit4.testadapter/" className="ProjectTerminal.Tests.SecureStorageWrapperTest" name="TestClearValue_NonExistentKey_ReturnsTrue" />
    </UnitTest>
  </TestDefinitions>
  <TestEntries>
    <TestEntry testId="364511c1-072c-6cac-6ed9-57b60af2be5e" executionId="86953555-4c90-45e6-ace4-f45128d1784c" testListId="8c84fa94-04c1-424b-9868-57a2d4851a1d" />
    <TestEntry testId="e20d0f11-16fb-fbf9-1085-b767480808bd" executionId="d63a4b2e-92c4-4ff2-b62a-f0308a764bc3" testListId="8c84fa94-04c1-424b-9868-57a2d4851a1d" />
    <TestEntry testId="5e9c7ffa-aba6-c4a1-be46-e877e551fd8d" executionId="57d1e3d1-8ab9-48d4-a225-715627d62194" testListId="8c84fa94-04c1-424b-9868-57a2d4851a1d" />
    <TestEntry testId="416c781e-2bf0-0cee-cf15-0be00b7adc79" executionId="34d1de25-2170-427f-b6ce-022e88ec00c8" testListId="8c84fa94-04c1-424b-9868-57a2d4851a1d" />
    <TestEntry testId="9ff4496a-9de2-beba-4e4a-207bd69e1682" executionId="8df62e8e-757c-4079-8b31-1e5ca88ac281" testListId="8c84fa94-04c1-424b-9868-57a2d4851a1d" />
    <TestEntry testId="08365228-a10d-5a13-77c8-0368348773fc" executionId="6ba39bea-bec6-4a61-8b87-88812ca442ef" testListId="8c84fa94-04c1-424b-9868-57a2d4851a1d" />
    <TestEntry testId="94e1d4cd-a46c-8570-defb-01337ea5bcc1" executionId="c6d960df-52d1-4fb1-a656-ed2b40c84893" testListId="8c84fa94-04c1-424b-9868-57a2d4851a1d" />
    <TestEntry testId="9da81a93-3499-60fa-993c-2e5de80d45a0" executionId="9815a13a-bf46-40e3-b411-772fc0a01cfe" testListId="8c84fa94-04c1-424b-9868-57a2d4851a1d" />
    <TestEntry testId="b1662bf2-fd2f-dcc0-7c49-16aad20a27d7" executionId="718cec95-e126-479a-aaba-2587a241cecf" testListId="8c84fa94-04c1-424b-9868-57a2d4851a1d" />
    <TestEntry testId="e6e3567b-4ea9-84b3-800f-1f7f58d7af7a" executionId="4d3ff0a8-545c-4051-834f-7a65c9bf80d2" testListId="8c84fa94-04c1-424b-9868-57a2d4851a1d" />
    <TestEntry testId="a13ca9fd-fb85-b45c-e1a5-faf954d8261f" executionId="0911949d-f34c-4997-85e3-f96c77ec5e42" testListId="8c84fa94-04c1-424b-9868-57a2d4851a1d" />
    <TestEntry testId="25620554-343c-9e73-e958-3c11ea51c476" executionId="433d9d99-8046-4245-bf9a-6689cb6f9fdb" testListId="8c84fa94-04c1-424b-9868-57a2d4851a1d" />
    <TestEntry testId="cad80f10-1148-a7e9-f872-ce25d1cc572c" executionId="e1068fbc-f2c2-4754-a325-a481b1fd8878" testListId="8c84fa94-04c1-424b-9868-57a2d4851a1d" />
    <TestEntry testId="703010d4-6f76-e574-19ac-e6214636773d" executionId="a366cd75-0170-40d0-a989-69d41bd8c977" testListId="8c84fa94-04c1-424b-9868-57a2d4851a1d" />
    <TestEntry testId="1408b17d-44cd-7cdd-0f93-139b005d5654" executionId="33a7e6ae-0447-4163-b773-949938e45ca6" testListId="8c84fa94-04c1-424b-9868-57a2d4851a1d" />
    <TestEntry testId="622b5d4a-6169-9179-a1ed-d76bd2fc0dac" executionId="5dfbbcb7-6811-4e13-aac0-20d18bc613d8" testListId="8c84fa94-04c1-424b-9868-57a2d4851a1d" />
    <TestEntry testId="9d9a9131-147f-3bdf-3c5a-dacdad0bd4af" executionId="ab50f84a-2074-4256-a779-92b4f1bb4183" testListId="8c84fa94-04c1-424b-9868-57a2d4851a1d" />
    <TestEntry testId="132bb2ac-df9d-c459-b417-48a91e50a744" executionId="a264c2fd-d847-455f-9174-981c193cba70" testListId="8c84fa94-04c1-424b-9868-57a2d4851a1d" />
    <TestEntry testId="b55fba28-be77-b8f9-e5bc-7ff849cca3c9" executionId="a9d7fe08-db64-4a4d-84fb-a1d9f1abb1c6" testListId="8c84fa94-04c1-424b-9868-57a2d4851a1d" />
    <TestEntry testId="083ab0d1-ab4c-e0c8-6964-d0f11a6251d3" executionId="1c84cb67-6636-40b1-9488-fc3db81f914a" testListId="8c84fa94-04c1-424b-9868-57a2d4851a1d" />
    <TestEntry testId="53fcba13-8bb6-3db6-395d-29a216e9f866" executionId="96558996-87cb-4791-865b-ab3e312c77d7" testListId="8c84fa94-04c1-424b-9868-57a2d4851a1d" />
    <TestEntry testId="1e2a9bf8-70a2-2e1a-33b0-559ff36d2f41" executionId="97054d61-5767-477f-acec-683e34bcdc16" testListId="8c84fa94-04c1-424b-9868-57a2d4851a1d" />
    <TestEntry testId="cab51616-cf6c-1a70-ff7e-0ae1e5a3be2e" executionId="5ed06076-3b36-4d7a-89a6-6fbeb42cea4a" testListId="8c84fa94-04c1-424b-9868-57a2d4851a1d" />
    <TestEntry testId="c76ec88b-2069-4f42-ebdd-99932f277499" executionId="82f54bde-d5ef-4db4-b80e-9fa101236ff6" testListId="8c84fa94-04c1-424b-9868-57a2d4851a1d" />
    <TestEntry testId="a7735502-29bf-8bf1-bc41-7a70abb503c1" executionId="b2484ffe-bab2-494d-b528-efe9930eda69" testListId="8c84fa94-04c1-424b-9868-57a2d4851a1d" />
    <TestEntry testId="de9c6b75-7f81-d4b1-0f65-36a9a12eb1ab" executionId="a75bdbc4-df45-4937-a4f7-798def3f324a" testListId="8c84fa94-04c1-424b-9868-57a2d4851a1d" />
    <TestEntry testId="8fcc4fa9-3290-ad18-da96-e44dea776a4f" executionId="7f37c2f6-242a-4afc-b7f3-d318b68cdd21" testListId="8c84fa94-04c1-424b-9868-57a2d4851a1d" />
    <TestEntry testId="5b05749c-2e12-2ae6-0a43-abcd87407d0b" executionId="a700d23f-e13c-4654-af20-f3087e13aa1a" testListId="8c84fa94-04c1-424b-9868-57a2d4851a1d" />
    <TestEntry testId="0a771bbc-848e-c14c-2795-133759d3b56d" executionId="23975c3c-49d1-4b2b-a612-fd0332652a8f" testListId="8c84fa94-04c1-424b-9868-57a2d4851a1d" />
    <TestEntry testId="9137e876-60ce-9743-b162-68260de3e5c1" executionId="f4bbeabf-f4e9-4a23-8959-7b5f09cf6765" testListId="8c84fa94-04c1-424b-9868-57a2d4851a1d" />
    <TestEntry testId="767328c8-7b0b-2c9b-e71e-119743f122d6" executionId="b9fb23ba-6baf-49d2-9034-8588a219758d" testListId="8c84fa94-04c1-424b-9868-57a2d4851a1d" />
  </TestEntries>
  <TestLists>
    <TestList name="Results Not in a List" id="8c84fa94-04c1-424b-9868-57a2d4851a1d" />
    <TestList name="All Loaded Results" id="19431567-8539-422a-85d7-44ee4e166bda" />
  </TestLists>
  <ResultSummary outcome="Completed">
    <Counters total="31" executed="31" passed="31" failed="0" error="0" timeout="0" aborted="0" inconclusive="0" passedButRunAborted="0" notRunnable="0" notExecuted="0" disconnected="0" warning="0" completed="0" inProgress="0" pending="0" />
    <Output>
      <StdOut>CheckGdUnit4ApiVersion gdUnit4Api, Version=4.3.1.0&#xD;
Start executing tests, 32 TestCases total.&#xD;
Current directory set to: C:\Users\radug\Documents\GitHub\Project-Terminal&#xD;
Run with args  --path . res://gdunit4_testadapter/TestAdapterRunner.tscn --testadapter --configfile="C:\Users\radug\Documents\GitHub\Project-Terminal\GdUnitRunner_be32757d-0f63-4c20-bd84-02641900df89.cfg" &#xD;
TestEventReportServer:: Wait for connecting GdUnit4 test report client.&#xD;
Error: Can't load testsuite C:\Users\radug\Documents\GitHub\Project-Terminal\Tests\TestSupabaseClient.cs! Skip it!&#xD;
TestEventReportServer:: TestAdapterReporter: Successfully connected to GdUnit4 test report server!&#xD;
TestEventReportServer:: TestAdapterReporter: Disconnecting from GdUnit4 test report server.&#xD;
Godot ends with exit code: 0&#xD;
Run TestRunner ends with 0&#xD;
</StdOut>
    </Output>
  </ResultSummary>
</TestRun>