<?xml version="1.0" encoding="utf-8"?>
<TestRun id="a8a6412a-e06a-4b21-8183-5a2ba3c09a0e" name="radug@PC 2025-03-30 11:15:44" runUser="PC\radug" xmlns="http://microsoft.com/schemas/VisualStudio/TeamTest/2010">
  <Times creation="2025-03-30T11:15:44.6958650+03:00" queuing="2025-03-30T11:15:44.6958651+03:00" start="2025-03-30T11:12:44.6412526+03:00" finish="2025-03-30T11:15:44.6959094+03:00" />
  <TestSettings name="default" id="d63f8b41-d489-40d7-b917-482805970dd8">
    <Deployment runDeploymentRoot="radug_PC_2025-03-30_11_15_44" />
  </TestSettings>
  <TestLists>
    <TestList name="Results Not in a List" id="8c84fa94-04c1-424b-9868-57a2d4851a1d" />
    <TestList name="All Loaded Results" id="19431567-8539-422a-85d7-44ee4e166bda" />
  </TestLists>
  <ResultSummary outcome="Failed">
    <Counters total="0" executed="0" passed="0" failed="0" error="0" timeout="0" aborted="0" inconclusive="0" passedButRunAborted="0" notRunnable="0" notExecuted="0" disconnected="0" warning="0" completed="0" inProgress="0" pending="0" />
    <Output>
      <StdOut>CheckGdUnit4ApiVersion gdUnit4Api, Version=4.3.1.0&#xD;
Start executing tests, 2 TestCases total.&#xD;
Current directory set to: C:\Users\radug\Documents\GitHub\Project-Terminal&#xD;
Run with args -d --path . res://gdunit4_testadapter/TestAdapterRunner.tscn --testadapter --configfile="C:\Users\radug\Documents\GitHub\Project-Terminal\GdUnitRunner_e53199aa-85f0-4f0a-8432-b95e711b489a.cfg" &#xD;
TestEventReportServer:: Wait for connecting GdUnit4 test report client.&#xD;
TestEventReportServer:: TestAdapterReporter: Successfully connected to GdUnit4 test report server!&#xD;
</StdOut>
    </Output>
    <RunInfos>
      <RunInfo computerName="PC" outcome="Error" timestamp="2025-03-30T11:15:44.6437254+03:00">
        <Text>Aborting test run: test run timeout of 180000 milliseconds exceeded.</Text>
      </RunInfo>
    </RunInfos>
  </ResultSummary>
</TestRun>